15:11:26 **** Build of configuration Debug for project BatteryPower ****
make -j20 all 
arm-none-eabi-gcc "../Middlewares/Third_Party/FreeRTOS/Source/portable/MemMang/heap_4.c" -mcpu=cortex-m4 -std=gnu11 -g3 -DDEBUG -DUSE_HAL_DRIVER -DSTM32L432xx -c -I../Core/Inc -I../Drivers/STM32L4xx_HAL_Driver/Inc -I../Drivers/STM32L4xx_HAL_Driver/Inc/Legacy -I../Drivers/CMSIS/Device/ST/STM32L4xx/Include -I../Drivers/CMSIS/Include -I../Middlewares/Third_Party/FreeRTOS/Source/include -I../Middlewares/Third_Party/FreeRTOS/Source/CMSIS_RTOS_V2 -I../Middlewares/Third_Party/FreeRTOS/Source/portable/GCC/ARM_CM4F -O0 -ffunction-sections -fdata-sections -Wall -fstack-usage -fcyclomatic-complexity -MMD -MP -MF"Middlewares/Third_Party/FreeRTOS/Source/portable/MemMang/heap_4.d" -MT"Middlewares/Third_Party/FreeRTOS/Source/portable/MemMang/heap_4.o" --specs=nano.specs -mfpu=fpv4-sp-d16 -mfloat-abi=hard -mthumb -o "Middlewares/Third_Party/FreeRTOS/Source/portable/MemMang/heap_4.o"
arm-none-eabi-gcc "../Middlewares/Third_Party/FreeRTOS/Source/portable/GCC/ARM_CM4F/port.c" -mcpu=cortex-m4 -std=gnu11 -g3 -DDEBUG -DUSE_HAL_DRIVER -DSTM32L432xx -c -I../Core/Inc -I../Drivers/STM32L4xx_HAL_Driver/Inc -I../Drivers/STM32L4xx_HAL_Driver/Inc/Legacy -I../Drivers/CMSIS/Device/ST/STM32L4xx/Include -I../Drivers/CMSIS/Include -I../Middlewares/Third_Party/FreeRTOS/Source/include -I../Middlewares/Third_Party/FreeRTOS/Source/CMSIS_RTOS_V2 -I../Middlewares/Third_Party/FreeRTOS/Source/portable/GCC/ARM_CM4F -O0 -ffunction-sections -fdata-sections -Wall -fstack-usage -fcyclomatic-complexity -MMD -MP -MF"Middlewares/Third_Party/FreeRTOS/Source/portable/GCC/ARM_CM4F/port.d" -MT"Middlewares/Third_Party/FreeRTOS/Source/portable/GCC/ARM_CM4F/port.o" --specs=nano.specs -mfpu=fpv4-sp-d16 -mfloat-abi=hard -mthumb -o "Middlewares/Third_Party/FreeRTOS/Source/portable/GCC/ARM_CM4F/port.o"
arm-none-eabi-gcc "../Middlewares/Third_Party/FreeRTOS/Source/CMSIS_RTOS_V2/cmsis_os2.c" -mcpu=cortex-m4 -std=gnu11 -g3 -DDEBUG -DUSE_HAL_DRIVER -DSTM32L432xx -c -I../Core/Inc -I../Drivers/STM32L4xx_HAL_Driver/Inc -I../Drivers/STM32L4xx_HAL_Driver/Inc/Legacy -I../Drivers/CMSIS/Device/ST/STM32L4xx/Include -I../Drivers/CMSIS/Include -I../Middlewares/Third_Party/FreeRTOS/Source/include -I../Middlewares/Third_Party/FreeRTOS/Source/CMSIS_RTOS_V2 -I../Middlewares/Third_Party/FreeRTOS/Source/portable/GCC/ARM_CM4F -O0 -ffunction-sections -fdata-sections -Wall -fstack-usage -fcyclomatic-complexity -MMD -MP -MF"Middlewares/Third_Party/FreeRTOS/Source/CMSIS_RTOS_V2/cmsis_os2.d" -MT"Middlewares/Third_Party/FreeRTOS/Source/CMSIS_RTOS_V2/cmsis_os2.o" --specs=nano.specs -mfpu=fpv4-sp-d16 -mfloat-abi=hard -mthumb -o "Middlewares/Third_Party/FreeRTOS/Source/CMSIS_RTOS_V2/cmsis_os2.o"
arm-none-eabi-gcc "../Middlewares/Third_Party/FreeRTOS/Source/croutine.c" -mcpu=cortex-m4 -std=gnu11 -g3 -DDEBUG -DUSE_HAL_DRIVER -DSTM32L432xx -c -I../Core/Inc -I../Drivers/STM32L4xx_HAL_Driver/Inc -I../Drivers/STM32L4xx_HAL_Driver/Inc/Legacy -I../Drivers/CMSIS/Device/ST/STM32L4xx/Include -I../Drivers/CMSIS/Include -I../Middlewares/Third_Party/FreeRTOS/Source/include -I../Middlewares/Third_Party/FreeRTOS/Source/CMSIS_RTOS_V2 -I../Middlewares/Third_Party/FreeRTOS/Source/portable/GCC/ARM_CM4F -O0 -ffunction-sections -fdata-sections -Wall -fstack-usage -fcyclomatic-complexity -MMD -MP -MF"Middlewares/Third_Party/FreeRTOS/Source/croutine.d" -MT"Middlewares/Third_Party/FreeRTOS/Source/croutine.o" --specs=nano.specs -mfpu=fpv4-sp-d16 -mfloat-abi=hard -mthumb -o "Middlewares/Third_Party/FreeRTOS/Source/croutine.o"
arm-none-eabi-gcc "../Middlewares/Third_Party/FreeRTOS/Source/event_groups.c" -mcpu=cortex-m4 -std=gnu11 -g3 -DDEBUG -DUSE_HAL_DRIVER -DSTM32L432xx -c -I../Core/Inc -I../Drivers/STM32L4xx_HAL_Driver/Inc -I../Drivers/STM32L4xx_HAL_Driver/Inc/Legacy -I../Drivers/CMSIS/Device/ST/STM32L4xx/Include -I../Drivers/CMSIS/Include -I../Middlewares/Third_Party/FreeRTOS/Source/include -I../Middlewares/Third_Party/FreeRTOS/Source/CMSIS_RTOS_V2 -I../Middlewares/Third_Party/FreeRTOS/Source/portable/GCC/ARM_CM4F -O0 -ffunction-sections -fdata-sections -Wall -fstack-usage -fcyclomatic-complexity -MMD -MP -MF"Middlewares/Third_Party/FreeRTOS/Source/event_groups.d" -MT"Middlewares/Third_Party/FreeRTOS/Source/event_groups.o" --specs=nano.specs -mfpu=fpv4-sp-d16 -mfloat-abi=hard -mthumb -o "Middlewares/Third_Party/FreeRTOS/Source/event_groups.o"
arm-none-eabi-gcc "../Middlewares/Third_Party/FreeRTOS/Source/list.c" -mcpu=cortex-m4 -std=gnu11 -g3 -DDEBUG -DUSE_HAL_DRIVER -DSTM32L432xx -c -I../Core/Inc -I../Drivers/STM32L4xx_HAL_Driver/Inc -I../Drivers/STM32L4xx_HAL_Driver/Inc/Legacy -I../Drivers/CMSIS/Device/ST/STM32L4xx/Include -I../Drivers/CMSIS/Include -I../Middlewares/Third_Party/FreeRTOS/Source/include -I../Middlewares/Third_Party/FreeRTOS/Source/CMSIS_RTOS_V2 -I../Middlewares/Third_Party/FreeRTOS/Source/portable/GCC/ARM_CM4F -O0 -ffunction-sections -fdata-sections -Wall -fstack-usage -fcyclomatic-complexity -MMD -MP -MF"Middlewares/Third_Party/FreeRTOS/Source/list.d" -MT"Middlewares/Third_Party/FreeRTOS/Source/list.o" --specs=nano.specs -mfpu=fpv4-sp-d16 -mfloat-abi=hard -mthumb -o "Middlewares/Third_Party/FreeRTOS/Source/list.o"
arm-none-eabi-gcc "../Middlewares/Third_Party/FreeRTOS/Source/queue.c" -mcpu=cortex-m4 -std=gnu11 -g3 -DDEBUG -DUSE_HAL_DRIVER -DSTM32L432xx -c -I../Core/Inc -I../Drivers/STM32L4xx_HAL_Driver/Inc -I../Drivers/STM32L4xx_HAL_Driver/Inc/Legacy -I../Drivers/CMSIS/Device/ST/STM32L4xx/Include -I../Drivers/CMSIS/Include -I../Middlewares/Third_Party/FreeRTOS/Source/include -I../Middlewares/Third_Party/FreeRTOS/Source/CMSIS_RTOS_V2 -I../Middlewares/Third_Party/FreeRTOS/Source/portable/GCC/ARM_CM4F -O0 -ffunction-sections -fdata-sections -Wall -fstack-usage -fcyclomatic-complexity -MMD -MP -MF"Middlewares/Third_Party/FreeRTOS/Source/queue.d" -MT"Middlewares/Third_Party/FreeRTOS/Source/queue.o" --specs=nano.specs -mfpu=fpv4-sp-d16 -mfloat-abi=hard -mthumb -o "Middlewares/Third_Party/FreeRTOS/Source/queue.o"
arm-none-eabi-gcc "../Middlewares/Third_Party/FreeRTOS/Source/stream_buffer.c" -mcpu=cortex-m4 -std=gnu11 -g3 -DDEBUG -DUSE_HAL_DRIVER -DSTM32L432xx -c -I../Core/Inc -I../Drivers/STM32L4xx_HAL_Driver/Inc -I../Drivers/STM32L4xx_HAL_Driver/Inc/Legacy -I../Drivers/CMSIS/Device/ST/STM32L4xx/Include -I../Drivers/CMSIS/Include -I../Middlewares/Third_Party/FreeRTOS/Source/include -I../Middlewares/Third_Party/FreeRTOS/Source/CMSIS_RTOS_V2 -I../Middlewares/Third_Party/FreeRTOS/Source/portable/GCC/ARM_CM4F -O0 -ffunction-sections -fdata-sections -Wall -fstack-usage -fcyclomatic-complexity -MMD -MP -MF"Middlewares/Third_Party/FreeRTOS/Source/stream_buffer.d" -MT"Middlewares/Third_Party/FreeRTOS/Source/stream_buffer.o" --specs=nano.specs -mfpu=fpv4-sp-d16 -mfloat-abi=hard -mthumb -o "Middlewares/Third_Party/FreeRTOS/Source/stream_buffer.o"
arm-none-eabi-gcc "../Middlewares/Third_Party/FreeRTOS/Source/tasks.c" -mcpu=cortex-m4 -std=gnu11 -g3 -DDEBUG -DUSE_HAL_DRIVER -DSTM32L432xx -c -I../Core/Inc -I../Drivers/STM32L4xx_HAL_Driver/Inc -I../Drivers/STM32L4xx_HAL_Driver/Inc/Legacy -I../Drivers/CMSIS/Device/ST/STM32L4xx/Include -I../Drivers/CMSIS/Include -I../Middlewares/Third_Party/FreeRTOS/Source/include -I../Middlewares/Third_Party/FreeRTOS/Source/CMSIS_RTOS_V2 -I../Middlewares/Third_Party/FreeRTOS/Source/portable/GCC/ARM_CM4F -O0 -ffunction-sections -fdata-sections -Wall -fstack-usage -fcyclomatic-complexity -MMD -MP -MF"Middlewares/Third_Party/FreeRTOS/Source/tasks.d" -MT"Middlewares/Third_Party/FreeRTOS/Source/tasks.o" --specs=nano.specs -mfpu=fpv4-sp-d16 -mfloat-abi=hard -mthumb -o "Middlewares/Third_Party/FreeRTOS/Source/tasks.o"
arm-none-eabi-gcc "../Middlewares/Third_Party/FreeRTOS/Source/timers.c" -mcpu=cortex-m4 -std=gnu11 -g3 -DDEBUG -DUSE_HAL_DRIVER -DSTM32L432xx -c -I../Core/Inc -I../Drivers/STM32L4xx_HAL_Driver/Inc -I../Drivers/STM32L4xx_HAL_Driver/Inc/Legacy -I../Drivers/CMSIS/Device/ST/STM32L4xx/Include -I../Drivers/CMSIS/Include -I../Middlewares/Third_Party/FreeRTOS/Source/include -I../Middlewares/Third_Party/FreeRTOS/Source/CMSIS_RTOS_V2 -I../Middlewares/Third_Party/FreeRTOS/Source/portable/GCC/ARM_CM4F -O0 -ffunction-sections -fdata-sections -Wall -fstack-usage -fcyclomatic-complexity -MMD -MP -MF"Middlewares/Third_Party/FreeRTOS/Source/timers.d" -MT"Middlewares/Third_Party/FreeRTOS/Source/timers.o" --specs=nano.specs -mfpu=fpv4-sp-d16 -mfloat-abi=hard -mthumb -o "Middlewares/Third_Party/FreeRTOS/Source/timers.o"
arm-none-eabi-gcc "../Drivers/STM32L4xx_HAL_Driver/Src/stm32l4xx_hal.c" -mcpu=cortex-m4 -std=gnu11 -g3 -DDEBUG -DUSE_HAL_DRIVER -DSTM32L432xx -c -I../Core/Inc -I../Drivers/STM32L4xx_HAL_Driver/Inc -I../Drivers/STM32L4xx_HAL_Driver/Inc/Legacy -I../Drivers/CMSIS/Device/ST/STM32L4xx/Include -I../Drivers/CMSIS/Include -I../Middlewares/Third_Party/FreeRTOS/Source/include -I../Middlewares/Third_Party/FreeRTOS/Source/CMSIS_RTOS_V2 -I../Middlewares/Third_Party/FreeRTOS/Source/portable/GCC/ARM_CM4F -O0 -ffunction-sections -fdata-sections -Wall -fstack-usage -fcyclomatic-complexity -MMD -MP -MF"Drivers/STM32L4xx_HAL_Driver/Src/stm32l4xx_hal.d" -MT"Drivers/STM32L4xx_HAL_Driver/Src/stm32l4xx_hal.o" --specs=nano.specs -mfpu=fpv4-sp-d16 -mfloat-abi=hard -mthumb -o "Drivers/STM32L4xx_HAL_Driver/Src/stm32l4xx_hal.o"
arm-none-eabi-gcc "../Drivers/STM32L4xx_HAL_Driver/Src/stm32l4xx_hal_adc.c" -mcpu=cortex-m4 -std=gnu11 -g3 -DDEBUG -DUSE_HAL_DRIVER -DSTM32L432xx -c -I../Core/Inc -I../Drivers/STM32L4xx_HAL_Driver/Inc -I../Drivers/STM32L4xx_HAL_Driver/Inc/Legacy -I../Drivers/CMSIS/Device/ST/STM32L4xx/Include -I../Drivers/CMSIS/Include -I../Middlewares/Third_Party/FreeRTOS/Source/include -I../Middlewares/Third_Party/FreeRTOS/Source/CMSIS_RTOS_V2 -I../Middlewares/Third_Party/FreeRTOS/Source/portable/GCC/ARM_CM4F -O0 -ffunction-sections -fdata-sections -Wall -fstack-usage -fcyclomatic-complexity -MMD -MP -MF"Drivers/STM32L4xx_HAL_Driver/Src/stm32l4xx_hal_adc.d" -MT"Drivers/STM32L4xx_HAL_Driver/Src/stm32l4xx_hal_adc.o" --specs=nano.specs -mfpu=fpv4-sp-d16 -mfloat-abi=hard -mthumb -o "Drivers/STM32L4xx_HAL_Driver/Src/stm32l4xx_hal_adc.o"
arm-none-eabi-gcc "../Drivers/STM32L4xx_HAL_Driver/Src/stm32l4xx_hal_adc_ex.c" -mcpu=cortex-m4 -std=gnu11 -g3 -DDEBUG -DUSE_HAL_DRIVER -DSTM32L432xx -c -I../Core/Inc -I../Drivers/STM32L4xx_HAL_Driver/Inc -I../Drivers/STM32L4xx_HAL_Driver/Inc/Legacy -I../Drivers/CMSIS/Device/ST/STM32L4xx/Include -I../Drivers/CMSIS/Include -I../Middlewares/Third_Party/FreeRTOS/Source/include -I../Middlewares/Third_Party/FreeRTOS/Source/CMSIS_RTOS_V2 -I../Middlewares/Third_Party/FreeRTOS/Source/portable/GCC/ARM_CM4F -O0 -ffunction-sections -fdata-sections -Wall -fstack-usage -fcyclomatic-complexity -MMD -MP -MF"Drivers/STM32L4xx_HAL_Driver/Src/stm32l4xx_hal_adc_ex.d" -MT"Drivers/STM32L4xx_HAL_Driver/Src/stm32l4xx_hal_adc_ex.o" --specs=nano.specs -mfpu=fpv4-sp-d16 -mfloat-abi=hard -mthumb -o "Drivers/STM32L4xx_HAL_Driver/Src/stm32l4xx_hal_adc_ex.o"
arm-none-eabi-gcc "../Drivers/STM32L4xx_HAL_Driver/Src/stm32l4xx_hal_can.c" -mcpu=cortex-m4 -std=gnu11 -g3 -DDEBUG -DUSE_HAL_DRIVER -DSTM32L432xx -c -I../Core/Inc -I../Drivers/STM32L4xx_HAL_Driver/Inc -I../Drivers/STM32L4xx_HAL_Driver/Inc/Legacy -I../Drivers/CMSIS/Device/ST/STM32L4xx/Include -I../Drivers/CMSIS/Include -I../Middlewares/Third_Party/FreeRTOS/Source/include -I../Middlewares/Third_Party/FreeRTOS/Source/CMSIS_RTOS_V2 -I../Middlewares/Third_Party/FreeRTOS/Source/portable/GCC/ARM_CM4F -O0 -ffunction-sections -fdata-sections -Wall -fstack-usage -fcyclomatic-complexity -MMD -MP -MF"Drivers/STM32L4xx_HAL_Driver/Src/stm32l4xx_hal_can.d" -MT"Drivers/STM32L4xx_HAL_Driver/Src/stm32l4xx_hal_can.o" --specs=nano.specs -mfpu=fpv4-sp-d16 -mfloat-abi=hard -mthumb -o "Drivers/STM32L4xx_HAL_Driver/Src/stm32l4xx_hal_can.o"
arm-none-eabi-gcc "../Drivers/STM32L4xx_HAL_Driver/Src/stm32l4xx_hal_cortex.c" -mcpu=cortex-m4 -std=gnu11 -g3 -DDEBUG -DUSE_HAL_DRIVER -DSTM32L432xx -c -I../Core/Inc -I../Drivers/STM32L4xx_HAL_Driver/Inc -I../Drivers/STM32L4xx_HAL_Driver/Inc/Legacy -I../Drivers/CMSIS/Device/ST/STM32L4xx/Include -I../Drivers/CMSIS/Include -I../Middlewares/Third_Party/FreeRTOS/Source/include -I../Middlewares/Third_Party/FreeRTOS/Source/CMSIS_RTOS_V2 -I../Middlewares/Third_Party/FreeRTOS/Source/portable/GCC/ARM_CM4F -O0 -ffunction-sections -fdata-sections -Wall -fstack-usage -fcyclomatic-complexity -MMD -MP -MF"Drivers/STM32L4xx_HAL_Driver/Src/stm32l4xx_hal_cortex.d" -MT"Drivers/STM32L4xx_HAL_Driver/Src/stm32l4xx_hal_cortex.o" --specs=nano.specs -mfpu=fpv4-sp-d16 -mfloat-abi=hard -mthumb -o "Drivers/STM32L4xx_HAL_Driver/Src/stm32l4xx_hal_cortex.o"
arm-none-eabi-gcc "../Drivers/STM32L4xx_HAL_Driver/Src/stm32l4xx_hal_dma.c" -mcpu=cortex-m4 -std=gnu11 -g3 -DDEBUG -DUSE_HAL_DRIVER -DSTM32L432xx -c -I../Core/Inc -I../Drivers/STM32L4xx_HAL_Driver/Inc -I../Drivers/STM32L4xx_HAL_Driver/Inc/Legacy -I../Drivers/CMSIS/Device/ST/STM32L4xx/Include -I../Drivers/CMSIS/Include -I../Middlewares/Third_Party/FreeRTOS/Source/include -I../Middlewares/Third_Party/FreeRTOS/Source/CMSIS_RTOS_V2 -I../Middlewares/Third_Party/FreeRTOS/Source/portable/GCC/ARM_CM4F -O0 -ffunction-sections -fdata-sections -Wall -fstack-usage -fcyclomatic-complexity -MMD -MP -MF"Drivers/STM32L4xx_HAL_Driver/Src/stm32l4xx_hal_dma.d" -MT"Drivers/STM32L4xx_HAL_Driver/Src/stm32l4xx_hal_dma.o" --specs=nano.specs -mfpu=fpv4-sp-d16 -mfloat-abi=hard -mthumb -o "Drivers/STM32L4xx_HAL_Driver/Src/stm32l4xx_hal_dma.o"
arm-none-eabi-gcc "../Drivers/STM32L4xx_HAL_Driver/Src/stm32l4xx_hal_dma_ex.c" -mcpu=cortex-m4 -std=gnu11 -g3 -DDEBUG -DUSE_HAL_DRIVER -DSTM32L432xx -c -I../Core/Inc -I../Drivers/STM32L4xx_HAL_Driver/Inc -I../Drivers/STM32L4xx_HAL_Driver/Inc/Legacy -I../Drivers/CMSIS/Device/ST/STM32L4xx/Include -I../Drivers/CMSIS/Include -I../Middlewares/Third_Party/FreeRTOS/Source/include -I../Middlewares/Third_Party/FreeRTOS/Source/CMSIS_RTOS_V2 -I../Middlewares/Third_Party/FreeRTOS/Source/portable/GCC/ARM_CM4F -O0 -ffunction-sections -fdata-sections -Wall -fstack-usage -fcyclomatic-complexity -MMD -MP -MF"Drivers/STM32L4xx_HAL_Driver/Src/stm32l4xx_hal_dma_ex.d" -MT"Drivers/STM32L4xx_HAL_Driver/Src/stm32l4xx_hal_dma_ex.o" --specs=nano.specs -mfpu=fpv4-sp-d16 -mfloat-abi=hard -mthumb -o "Drivers/STM32L4xx_HAL_Driver/Src/stm32l4xx_hal_dma_ex.o"
arm-none-eabi-gcc "../Drivers/STM32L4xx_HAL_Driver/Src/stm32l4xx_hal_exti.c" -mcpu=cortex-m4 -std=gnu11 -g3 -DDEBUG -DUSE_HAL_DRIVER -DSTM32L432xx -c -I../Core/Inc -I../Drivers/STM32L4xx_HAL_Driver/Inc -I../Drivers/STM32L4xx_HAL_Driver/Inc/Legacy -I../Drivers/CMSIS/Device/ST/STM32L4xx/Include -I../Drivers/CMSIS/Include -I../Middlewares/Third_Party/FreeRTOS/Source/include -I../Middlewares/Third_Party/FreeRTOS/Source/CMSIS_RTOS_V2 -I../Middlewares/Third_Party/FreeRTOS/Source/portable/GCC/ARM_CM4F -O0 -ffunction-sections -fdata-sections -Wall -fstack-usage -fcyclomatic-complexity -MMD -MP -MF"Drivers/STM32L4xx_HAL_Driver/Src/stm32l4xx_hal_exti.d" -MT"Drivers/STM32L4xx_HAL_Driver/Src/stm32l4xx_hal_exti.o" --specs=nano.specs -mfpu=fpv4-sp-d16 -mfloat-abi=hard -mthumb -o "Drivers/STM32L4xx_HAL_Driver/Src/stm32l4xx_hal_exti.o"
arm-none-eabi-gcc "../Drivers/STM32L4xx_HAL_Driver/Src/stm32l4xx_hal_flash.c" -mcpu=cortex-m4 -std=gnu11 -g3 -DDEBUG -DUSE_HAL_DRIVER -DSTM32L432xx -c -I../Core/Inc -I../Drivers/STM32L4xx_HAL_Driver/Inc -I../Drivers/STM32L4xx_HAL_Driver/Inc/Legacy -I../Drivers/CMSIS/Device/ST/STM32L4xx/Include -I../Drivers/CMSIS/Include -I../Middlewares/Third_Party/FreeRTOS/Source/include -I../Middlewares/Third_Party/FreeRTOS/Source/CMSIS_RTOS_V2 -I../Middlewares/Third_Party/FreeRTOS/Source/portable/GCC/ARM_CM4F -O0 -ffunction-sections -fdata-sections -Wall -fstack-usage -fcyclomatic-complexity -MMD -MP -MF"Drivers/STM32L4xx_HAL_Driver/Src/stm32l4xx_hal_flash.d" -MT"Drivers/STM32L4xx_HAL_Driver/Src/stm32l4xx_hal_flash.o" --specs=nano.specs -mfpu=fpv4-sp-d16 -mfloat-abi=hard -mthumb -o "Drivers/STM32L4xx_HAL_Driver/Src/stm32l4xx_hal_flash.o"
arm-none-eabi-gcc "../Drivers/STM32L4xx_HAL_Driver/Src/stm32l4xx_hal_flash_ex.c" -mcpu=cortex-m4 -std=gnu11 -g3 -DDEBUG -DUSE_HAL_DRIVER -DSTM32L432xx -c -I../Core/Inc -I../Drivers/STM32L4xx_HAL_Driver/Inc -I../Drivers/STM32L4xx_HAL_Driver/Inc/Legacy -I../Drivers/CMSIS/Device/ST/STM32L4xx/Include -I../Drivers/CMSIS/Include -I../Middlewares/Third_Party/FreeRTOS/Source/include -I../Middlewares/Third_Party/FreeRTOS/Source/CMSIS_RTOS_V2 -I../Middlewares/Third_Party/FreeRTOS/Source/portable/GCC/ARM_CM4F -O0 -ffunction-sections -fdata-sections -Wall -fstack-usage -fcyclomatic-complexity -MMD -MP -MF"Drivers/STM32L4xx_HAL_Driver/Src/stm32l4xx_hal_flash_ex.d" -MT"Drivers/STM32L4xx_HAL_Driver/Src/stm32l4xx_hal_flash_ex.o" --specs=nano.specs -mfpu=fpv4-sp-d16 -mfloat-abi=hard -mthumb -o "Drivers/STM32L4xx_HAL_Driver/Src/stm32l4xx_hal_flash_ex.o"
arm-none-eabi-gcc "../Drivers/STM32L4xx_HAL_Driver/Src/stm32l4xx_hal_flash_ramfunc.c" -mcpu=cortex-m4 -std=gnu11 -g3 -DDEBUG -DUSE_HAL_DRIVER -DSTM32L432xx -c -I../Core/Inc -I../Drivers/STM32L4xx_HAL_Driver/Inc -I../Drivers/STM32L4xx_HAL_Driver/Inc/Legacy -I../Drivers/CMSIS/Device/ST/STM32L4xx/Include -I../Drivers/CMSIS/Include -I../Middlewares/Third_Party/FreeRTOS/Source/include -I../Middlewares/Third_Party/FreeRTOS/Source/CMSIS_RTOS_V2 -I../Middlewares/Third_Party/FreeRTOS/Source/portable/GCC/ARM_CM4F -O0 -ffunction-sections -fdata-sections -Wall -fstack-usage -fcyclomatic-complexity -MMD -MP -MF"Drivers/STM32L4xx_HAL_Driver/Src/stm32l4xx_hal_flash_ramfunc.d" -MT"Drivers/STM32L4xx_HAL_Driver/Src/stm32l4xx_hal_flash_ramfunc.o" --specs=nano.specs -mfpu=fpv4-sp-d16 -mfloat-abi=hard -mthumb -o "Drivers/STM32L4xx_HAL_Driver/Src/stm32l4xx_hal_flash_ramfunc.o"
arm-none-eabi-gcc "../Drivers/STM32L4xx_HAL_Driver/Src/stm32l4xx_hal_gpio.c" -mcpu=cortex-m4 -std=gnu11 -g3 -DDEBUG -DUSE_HAL_DRIVER -DSTM32L432xx -c -I../Core/Inc -I../Drivers/STM32L4xx_HAL_Driver/Inc -I../Drivers/STM32L4xx_HAL_Driver/Inc/Legacy -I../Drivers/CMSIS/Device/ST/STM32L4xx/Include -I../Drivers/CMSIS/Include -I../Middlewares/Third_Party/FreeRTOS/Source/include -I../Middlewares/Third_Party/FreeRTOS/Source/CMSIS_RTOS_V2 -I../Middlewares/Third_Party/FreeRTOS/Source/portable/GCC/ARM_CM4F -O0 -ffunction-sections -fdata-sections -Wall -fstack-usage -fcyclomatic-complexity -MMD -MP -MF"Drivers/STM32L4xx_HAL_Driver/Src/stm32l4xx_hal_gpio.d" -MT"Drivers/STM32L4xx_HAL_Driver/Src/stm32l4xx_hal_gpio.o" --specs=nano.specs -mfpu=fpv4-sp-d16 -mfloat-abi=hard -mthumb -o "Drivers/STM32L4xx_HAL_Driver/Src/stm32l4xx_hal_gpio.o"
arm-none-eabi-gcc "../Drivers/STM32L4xx_HAL_Driver/Src/stm32l4xx_hal_pwr.c" -mcpu=cortex-m4 -std=gnu11 -g3 -DDEBUG -DUSE_HAL_DRIVER -DSTM32L432xx -c -I../Core/Inc -I../Drivers/STM32L4xx_HAL_Driver/Inc -I../Drivers/STM32L4xx_HAL_Driver/Inc/Legacy -I../Drivers/CMSIS/Device/ST/STM32L4xx/Include -I../Drivers/CMSIS/Include -I../Middlewares/Third_Party/FreeRTOS/Source/include -I../Middlewares/Third_Party/FreeRTOS/Source/CMSIS_RTOS_V2 -I../Middlewares/Third_Party/FreeRTOS/Source/portable/GCC/ARM_CM4F -O0 -ffunction-sections -fdata-sections -Wall -fstack-usage -fcyclomatic-complexity -MMD -MP -MF"Drivers/STM32L4xx_HAL_Driver/Src/stm32l4xx_hal_pwr.d" -MT"Drivers/STM32L4xx_HAL_Driver/Src/stm32l4xx_hal_pwr.o" --specs=nano.specs -mfpu=fpv4-sp-d16 -mfloat-abi=hard -mthumb -o "Drivers/STM32L4xx_HAL_Driver/Src/stm32l4xx_hal_pwr.o"
arm-none-eabi-gcc "../Drivers/STM32L4xx_HAL_Driver/Src/stm32l4xx_hal_pwr_ex.c" -mcpu=cortex-m4 -std=gnu11 -g3 -DDEBUG -DUSE_HAL_DRIVER -DSTM32L432xx -c -I../Core/Inc -I../Drivers/STM32L4xx_HAL_Driver/Inc -I../Drivers/STM32L4xx_HAL_Driver/Inc/Legacy -I../Drivers/CMSIS/Device/ST/STM32L4xx/Include -I../Drivers/CMSIS/Include -I../Middlewares/Third_Party/FreeRTOS/Source/include -I../Middlewares/Third_Party/FreeRTOS/Source/CMSIS_RTOS_V2 -I../Middlewares/Third_Party/FreeRTOS/Source/portable/GCC/ARM_CM4F -O0 -ffunction-sections -fdata-sections -Wall -fstack-usage -fcyclomatic-complexity -MMD -MP -MF"Drivers/STM32L4xx_HAL_Driver/Src/stm32l4xx_hal_pwr_ex.d" -MT"Drivers/STM32L4xx_HAL_Driver/Src/stm32l4xx_hal_pwr_ex.o" --specs=nano.specs -mfpu=fpv4-sp-d16 -mfloat-abi=hard -mthumb -o "Drivers/STM32L4xx_HAL_Driver/Src/stm32l4xx_hal_pwr_ex.o"
arm-none-eabi-gcc "../Drivers/STM32L4xx_HAL_Driver/Src/stm32l4xx_hal_rcc.c" -mcpu=cortex-m4 -std=gnu11 -g3 -DDEBUG -DUSE_HAL_DRIVER -DSTM32L432xx -c -I../Core/Inc -I../Drivers/STM32L4xx_HAL_Driver/Inc -I../Drivers/STM32L4xx_HAL_Driver/Inc/Legacy -I../Drivers/CMSIS/Device/ST/STM32L4xx/Include -I../Drivers/CMSIS/Include -I../Middlewares/Third_Party/FreeRTOS/Source/include -I../Middlewares/Third_Party/FreeRTOS/Source/CMSIS_RTOS_V2 -I../Middlewares/Third_Party/FreeRTOS/Source/portable/GCC/ARM_CM4F -O0 -ffunction-sections -fdata-sections -Wall -fstack-usage -fcyclomatic-complexity -MMD -MP -MF"Drivers/STM32L4xx_HAL_Driver/Src/stm32l4xx_hal_rcc.d" -MT"Drivers/STM32L4xx_HAL_Driver/Src/stm32l4xx_hal_rcc.o" --specs=nano.specs -mfpu=fpv4-sp-d16 -mfloat-abi=hard -mthumb -o "Drivers/STM32L4xx_HAL_Driver/Src/stm32l4xx_hal_rcc.o"
arm-none-eabi-gcc "../Drivers/STM32L4xx_HAL_Driver/Src/stm32l4xx_hal_rcc_ex.c" -mcpu=cortex-m4 -std=gnu11 -g3 -DDEBUG -DUSE_HAL_DRIVER -DSTM32L432xx -c -I../Core/Inc -I../Drivers/STM32L4xx_HAL_Driver/Inc -I../Drivers/STM32L4xx_HAL_Driver/Inc/Legacy -I../Drivers/CMSIS/Device/ST/STM32L4xx/Include -I../Drivers/CMSIS/Include -I../Middlewares/Third_Party/FreeRTOS/Source/include -I../Middlewares/Third_Party/FreeRTOS/Source/CMSIS_RTOS_V2 -I../Middlewares/Third_Party/FreeRTOS/Source/portable/GCC/ARM_CM4F -O0 -ffunction-sections -fdata-sections -Wall -fstack-usage -fcyclomatic-complexity -MMD -MP -MF"Drivers/STM32L4xx_HAL_Driver/Src/stm32l4xx_hal_rcc_ex.d" -MT"Drivers/STM32L4xx_HAL_Driver/Src/stm32l4xx_hal_rcc_ex.o" --specs=nano.specs -mfpu=fpv4-sp-d16 -mfloat-abi=hard -mthumb -o "Drivers/STM32L4xx_HAL_Driver/Src/stm32l4xx_hal_rcc_ex.o"
arm-none-eabi-gcc "../Drivers/STM32L4xx_HAL_Driver/Src/stm32l4xx_hal_tim.c" -mcpu=cortex-m4 -std=gnu11 -g3 -DDEBUG -DUSE_HAL_DRIVER -DSTM32L432xx -c -I../Core/Inc -I../Drivers/STM32L4xx_HAL_Driver/Inc -I../Drivers/STM32L4xx_HAL_Driver/Inc/Legacy -I../Drivers/CMSIS/Device/ST/STM32L4xx/Include -I../Drivers/CMSIS/Include -I../Middlewares/Third_Party/FreeRTOS/Source/include -I../Middlewares/Third_Party/FreeRTOS/Source/CMSIS_RTOS_V2 -I../Middlewares/Third_Party/FreeRTOS/Source/portable/GCC/ARM_CM4F -O0 -ffunction-sections -fdata-sections -Wall -fstack-usage -fcyclomatic-complexity -MMD -MP -MF"Drivers/STM32L4xx_HAL_Driver/Src/stm32l4xx_hal_tim.d" -MT"Drivers/STM32L4xx_HAL_Driver/Src/stm32l4xx_hal_tim.o" --specs=nano.specs -mfpu=fpv4-sp-d16 -mfloat-abi=hard -mthumb -o "Drivers/STM32L4xx_HAL_Driver/Src/stm32l4xx_hal_tim.o"
arm-none-eabi-gcc "../Drivers/STM32L4xx_HAL_Driver/Src/stm32l4xx_hal_tim_ex.c" -mcpu=cortex-m4 -std=gnu11 -g3 -DDEBUG -DUSE_HAL_DRIVER -DSTM32L432xx -c -I../Core/Inc -I../Drivers/STM32L4xx_HAL_Driver/Inc -I../Drivers/STM32L4xx_HAL_Driver/Inc/Legacy -I../Drivers/CMSIS/Device/ST/STM32L4xx/Include -I../Drivers/CMSIS/Include -I../Middlewares/Third_Party/FreeRTOS/Source/include -I../Middlewares/Third_Party/FreeRTOS/Source/CMSIS_RTOS_V2 -I../Middlewares/Third_Party/FreeRTOS/Source/portable/GCC/ARM_CM4F -O0 -ffunction-sections -fdata-sections -Wall -fstack-usage -fcyclomatic-complexity -MMD -MP -MF"Drivers/STM32L4xx_HAL_Driver/Src/stm32l4xx_hal_tim_ex.d" -MT"Drivers/STM32L4xx_HAL_Driver/Src/stm32l4xx_hal_tim_ex.o" --specs=nano.specs -mfpu=fpv4-sp-d16 -mfloat-abi=hard -mthumb -o "Drivers/STM32L4xx_HAL_Driver/Src/stm32l4xx_hal_tim_ex.o"
arm-none-eabi-gcc "../Drivers/STM32L4xx_HAL_Driver/Src/stm32l4xx_hal_uart.c" -mcpu=cortex-m4 -std=gnu11 -g3 -DDEBUG -DUSE_HAL_DRIVER -DSTM32L432xx -c -I../Core/Inc -I../Drivers/STM32L4xx_HAL_Driver/Inc -I../Drivers/STM32L4xx_HAL_Driver/Inc/Legacy -I../Drivers/CMSIS/Device/ST/STM32L4xx/Include -I../Drivers/CMSIS/Include -I../Middlewares/Third_Party/FreeRTOS/Source/include -I../Middlewares/Third_Party/FreeRTOS/Source/CMSIS_RTOS_V2 -I../Middlewares/Third_Party/FreeRTOS/Source/portable/GCC/ARM_CM4F -O0 -ffunction-sections -fdata-sections -Wall -fstack-usage -fcyclomatic-complexity -MMD -MP -MF"Drivers/STM32L4xx_HAL_Driver/Src/stm32l4xx_hal_uart.d" -MT"Drivers/STM32L4xx_HAL_Driver/Src/stm32l4xx_hal_uart.o" --specs=nano.specs -mfpu=fpv4-sp-d16 -mfloat-abi=hard -mthumb -o "Drivers/STM32L4xx_HAL_Driver/Src/stm32l4xx_hal_uart.o"
arm-none-eabi-gcc "../Drivers/STM32L4xx_HAL_Driver/Src/stm32l4xx_hal_uart_ex.c" -mcpu=cortex-m4 -std=gnu11 -g3 -DDEBUG -DUSE_HAL_DRIVER -DSTM32L432xx -c -I../Core/Inc -I../Drivers/STM32L4xx_HAL_Driver/Inc -I../Drivers/STM32L4xx_HAL_Driver/Inc/Legacy -I../Drivers/CMSIS/Device/ST/STM32L4xx/Include -I../Drivers/CMSIS/Include -I../Middlewares/Third_Party/FreeRTOS/Source/include -I../Middlewares/Third_Party/FreeRTOS/Source/CMSIS_RTOS_V2 -I../Middlewares/Third_Party/FreeRTOS/Source/portable/GCC/ARM_CM4F -O0 -ffunction-sections -fdata-sections -Wall -fstack-usage -fcyclomatic-complexity -MMD -MP -MF"Drivers/STM32L4xx_HAL_Driver/Src/stm32l4xx_hal_uart_ex.d" -MT"Drivers/STM32L4xx_HAL_Driver/Src/stm32l4xx_hal_uart_ex.o" --specs=nano.specs -mfpu=fpv4-sp-d16 -mfloat-abi=hard -mthumb -o "Drivers/STM32L4xx_HAL_Driver/Src/stm32l4xx_hal_uart_ex.o"
arm-none-eabi-gcc -mcpu=cortex-m4 -g3 -DDEBUG -c -x assembler-with-cpp -MMD -MP -MF"Core/Startup/startup_stm32l432kcux.d" -MT"Core/Startup/startup_stm32l432kcux.o" --specs=nano.specs -mfpu=fpv4-sp-d16 -mfloat-abi=hard -mthumb -o "Core/Startup/startup_stm32l432kcux.o" "../Core/Startup/startup_stm32l432kcux.s"
arm-none-eabi-gcc "../Core/Src/freertos.c" -mcpu=cortex-m4 -std=gnu11 -g3 -DDEBUG -DUSE_HAL_DRIVER -DSTM32L432xx -c -I../Core/Inc -I../Drivers/STM32L4xx_HAL_Driver/Inc -I../Drivers/STM32L4xx_HAL_Driver/Inc/Legacy -I../Drivers/CMSIS/Device/ST/STM32L4xx/Include -I../Drivers/CMSIS/Include -I../Middlewares/Third_Party/FreeRTOS/Source/include -I../Middlewares/Third_Party/FreeRTOS/Source/CMSIS_RTOS_V2 -I../Middlewares/Third_Party/FreeRTOS/Source/portable/GCC/ARM_CM4F -O0 -ffunction-sections -fdata-sections -Wall -fstack-usage -fcyclomatic-complexity -MMD -MP -MF"Core/Src/freertos.d" -MT"Core/Src/freertos.o" --specs=nano.specs -mfpu=fpv4-sp-d16 -mfloat-abi=hard -mthumb -o "Core/Src/freertos.o"
arm-none-eabi-gcc "../Core/Src/main.c" -mcpu=cortex-m4 -std=gnu11 -g3 -DDEBUG -DUSE_HAL_DRIVER -DSTM32L432xx -c -I../Core/Inc -I../Drivers/STM32L4xx_HAL_Driver/Inc -I../Drivers/STM32L4xx_HAL_Driver/Inc/Legacy -I../Drivers/CMSIS/Device/ST/STM32L4xx/Include -I../Drivers/CMSIS/Include -I../Middlewares/Third_Party/FreeRTOS/Source/include -I../Middlewares/Third_Party/FreeRTOS/Source/CMSIS_RTOS_V2 -I../Middlewares/Third_Party/FreeRTOS/Source/portable/GCC/ARM_CM4F -O0 -ffunction-sections -fdata-sections -Wall -fstack-usage -fcyclomatic-complexity -MMD -MP -MF"Core/Src/main.d" -MT"Core/Src/main.o" --specs=nano.specs -mfpu=fpv4-sp-d16 -mfloat-abi=hard -mthumb -o "Core/Src/main.o"
arm-none-eabi-gcc "../Core/Src/stm32l4xx_hal_msp.c" -mcpu=cortex-m4 -std=gnu11 -g3 -DDEBUG -DUSE_HAL_DRIVER -DSTM32L432xx -c -I../Core/Inc -I../Drivers/STM32L4xx_HAL_Driver/Inc -I../Drivers/STM32L4xx_HAL_Driver/Inc/Legacy -I../Drivers/CMSIS/Device/ST/STM32L4xx/Include -I../Drivers/CMSIS/Include -I../Middlewares/Third_Party/FreeRTOS/Source/include -I../Middlewares/Third_Party/FreeRTOS/Source/CMSIS_RTOS_V2 -I../Middlewares/Third_Party/FreeRTOS/Source/portable/GCC/ARM_CM4F -O0 -ffunction-sections -fdata-sections -Wall -fstack-usage -fcyclomatic-complexity -MMD -MP -MF"Core/Src/stm32l4xx_hal_msp.d" -MT"Core/Src/stm32l4xx_hal_msp.o" --specs=nano.specs -mfpu=fpv4-sp-d16 -mfloat-abi=hard -mthumb -o "Core/Src/stm32l4xx_hal_msp.o"
arm-none-eabi-gcc "../Core/Src/stm32l4xx_it.c" -mcpu=cortex-m4 -std=gnu11 -g3 -DDEBUG -DUSE_HAL_DRIVER -DSTM32L432xx -c -I../Core/Inc -I../Drivers/STM32L4xx_HAL_Driver/Inc -I../Drivers/STM32L4xx_HAL_Driver/Inc/Legacy -I../Drivers/CMSIS/Device/ST/STM32L4xx/Include -I../Drivers/CMSIS/Include -I../Middlewares/Third_Party/FreeRTOS/Source/include -I../Middlewares/Third_Party/FreeRTOS/Source/CMSIS_RTOS_V2 -I../Middlewares/Third_Party/FreeRTOS/Source/portable/GCC/ARM_CM4F -O0 -ffunction-sections -fdata-sections -Wall -fstack-usage -fcyclomatic-complexity -MMD -MP -MF"Core/Src/stm32l4xx_it.d" -MT"Core/Src/stm32l4xx_it.o" --specs=nano.specs -mfpu=fpv4-sp-d16 -mfloat-abi=hard -mthumb -o "Core/Src/stm32l4xx_it.o"
arm-none-eabi-gcc "../Core/Src/syscalls.c" -mcpu=cortex-m4 -std=gnu11 -g3 -DDEBUG -DUSE_HAL_DRIVER -DSTM32L432xx -c -I../Core/Inc -I../Drivers/STM32L4xx_HAL_Driver/Inc -I../Drivers/STM32L4xx_HAL_Driver/Inc/Legacy -I../Drivers/CMSIS/Device/ST/STM32L4xx/Include -I../Drivers/CMSIS/Include -I../Middlewares/Third_Party/FreeRTOS/Source/include -I../Middlewares/Third_Party/FreeRTOS/Source/CMSIS_RTOS_V2 -I../Middlewares/Third_Party/FreeRTOS/Source/portable/GCC/ARM_CM4F -O0 -ffunction-sections -fdata-sections -Wall -fstack-usage -fcyclomatic-complexity -MMD -MP -MF"Core/Src/syscalls.d" -MT"Core/Src/syscalls.o" --specs=nano.specs -mfpu=fpv4-sp-d16 -mfloat-abi=hard -mthumb -o "Core/Src/syscalls.o"
arm-none-eabi-gcc "../Core/Src/sysmem.c" -mcpu=cortex-m4 -std=gnu11 -g3 -DDEBUG -DUSE_HAL_DRIVER -DSTM32L432xx -c -I../Core/Inc -I../Drivers/STM32L4xx_HAL_Driver/Inc -I../Drivers/STM32L4xx_HAL_Driver/Inc/Legacy -I../Drivers/CMSIS/Device/ST/STM32L4xx/Include -I../Drivers/CMSIS/Include -I../Middlewares/Third_Party/FreeRTOS/Source/include -I../Middlewares/Third_Party/FreeRTOS/Source/CMSIS_RTOS_V2 -I../Middlewares/Third_Party/FreeRTOS/Source/portable/GCC/ARM_CM4F -O0 -ffunction-sections -fdata-sections -Wall -fstack-usage -fcyclomatic-complexity -MMD -MP -MF"Core/Src/sysmem.d" -MT"Core/Src/sysmem.o" --specs=nano.specs -mfpu=fpv4-sp-d16 -mfloat-abi=hard -mthumb -o "Core/Src/sysmem.o"
arm-none-eabi-gcc "../Core/Src/system_stm32l4xx.c" -mcpu=cortex-m4 -std=gnu11 -g3 -DDEBUG -DUSE_HAL_DRIVER -DSTM32L432xx -c -I../Core/Inc -I../Drivers/STM32L4xx_HAL_Driver/Inc -I../Drivers/STM32L4xx_HAL_Driver/Inc/Legacy -I../Drivers/CMSIS/Device/ST/STM32L4xx/Include -I../Drivers/CMSIS/Include -I../Middlewares/Third_Party/FreeRTOS/Source/include -I../Middlewares/Third_Party/FreeRTOS/Source/CMSIS_RTOS_V2 -I../Middlewares/Third_Party/FreeRTOS/Source/portable/GCC/ARM_CM4F -O0 -ffunction-sections -fdata-sections -Wall -fstack-usage -fcyclomatic-complexity -MMD -MP -MF"Core/Src/system_stm32l4xx.d" -MT"Core/Src/system_stm32l4xx.o" --specs=nano.specs -mfpu=fpv4-sp-d16 -mfloat-abi=hard -mthumb -o "Core/Src/system_stm32l4xx.o"
../Core/Src/main.c:32:23: error: expected ':', ',', ';', '}' or '__attribute__' before '=' token
   32 |   float batt_volt[64] = {0};
      |                       ^
../Core/Src/main.c: In function 'StartAdcTask':
../Core/Src/main.c:531:9: warning: implicit declaration of function 'memset' [-Wimplicit-function-declaration]
  531 |         memset(adcResults, 0, 5);
      |         ^~~~~~
../Core/Src/main.c:22:1: note: include '<string.h>' or provide a declaration of 'memset'
   21 | #include "cmsis_os.h"
  +++ |+#include <string.h>
   22 | 
../Core/Src/main.c:531:9: warning: incompatible implicit declaration of built-in function 'memset' [-Wbuiltin-declaration-mismatch]
  531 |         memset(adcResults, 0, 5);
      |         ^~~~~~
../Core/Src/main.c:531:9: note: include '<string.h>' or provide a declaration of 'memset'
../Core/Src/main.c:531:9: warning: 'memset' used with length equal to number of elements without multiplication by element size [-Wmemset-elt-size]
../Core/Src/main.c:531:16: warning: passing argument 1 of 'memset' discards 'volatile' qualifier from pointer target type [-Wdiscarded-qualifiers]
  531 |         memset(adcResults, 0, 5);
      |                ^~~~~~~~~~
../Core/Src/main.c:531:16: note: expected 'void *' but argument is of type 'volatile uint16_t *' {aka 'volatile short unsigned int *'}
../Core/Src/main.c:532:36: error: 'unit32_t' undeclared (first use in this function); did you mean 'uint32_t'?
  532 |         HAL_ADC_Start_DMA(&hadc1, (unit32_t *)adcResults, 5);
      |                                    ^~~~~~~~
      |                                    uint32_t
../Core/Src/main.c:532:36: note: each undeclared identifier is reported only once for each function it appears in
../Core/Src/main.c:532:46: error: expected expression before ')' token
  532 |         HAL_ADC_Start_DMA(&hadc1, (unit32_t *)adcResults, 5);
      |                                              ^
../Core/Src/main.c:532:9: error: too few arguments to function 'HAL_ADC_Start_DMA'
  532 |         HAL_ADC_Start_DMA(&hadc1, (unit32_t *)adcResults, 5);
      |         ^~~~~~~~~~~~~~~~~
In file included from ../Core/Inc/stm32l4xx_hal_conf.h:278,
                 from ../Drivers/STM32L4xx_HAL_Driver/Inc/stm32l4xx_hal.h:29,
                 from ../Core/Inc/main.h:30,
                 from ../Core/Src/main.c:20:
../Drivers/STM32L4xx_HAL_Driver/Inc/stm32l4xx_hal_adc.h:1945:25: note: declared here
 1945 | HAL_StatusTypeDef       HAL_ADC_Start_DMA(ADC_HandleTypeDef *hadc, uint32_t *pData, uint32_t Length);
      |                         ^~~~~~~~~~~~~~~~~
../Core/Src/main.c:538:37: error: 'bbData_t' has no member named 'batt_volt'
  538 |                   battery_board_data.batt_volt[0] = adcResults[0] * ADC_VOLT_REF * BATTERY_VOLT_DIVIDER;
      |                                     ^
../Core/Src/main.c:539:37: error: 'bbData_t' has no member named 'batt_cur'
  539 |                   battery_board_data.batt_cur[0] = adcResults[1] * ADC_VOLT_REF * VOLT_TO_CURR;
      |                                     ^
../Core/Src/main.c:540:37: error: 'bbData_t' has no member named 'output_cur'
  540 |                   battery_board_data.output_cur[0] = adcResults[2] * ADC_VOLT_REF * VOLT_TO_CURR;
      |                                     ^
../Core/Src/main.c:541:37: error: 'bbData_t' has no member named 'output_volt'
  541 |                   battery_board_data.output_volt[0] = adcResults[3] * ADC_VOLT_REF * OUTPUT_VOLT_DIVIDER;
      |                                     ^
../Core/Src/main.c:542:37: error: 'bbData_t' has no member named 'output_cur'
  542 |                   battery_board_data.output_cur[0] = adcResults[4] * ADC_VOLT_REF * VOLT_TO_CURR;
      |                                     ^
../Core/Src/main.c:543:56: error: expected expression before ')' token
  543 |                   HAL_ADC_Start_DMA(&hadc1, (unit32_t *)adcResults, 5);
      |                                                        ^
../Core/Src/main.c:543:19: error: too few arguments to function 'HAL_ADC_Start_DMA'
  543 |                   HAL_ADC_Start_DMA(&hadc1, (unit32_t *)adcResults, 5);
      |                   ^~~~~~~~~~~~~~~~~
In file included from ../Core/Inc/stm32l4xx_hal_conf.h:278,
                 from ../Drivers/STM32L4xx_HAL_Driver/Inc/stm32l4xx_hal.h:29,
                 from ../Core/Inc/main.h:30,
                 from ../Core/Src/main.c:20:
../Drivers/STM32L4xx_HAL_Driver/Inc/stm32l4xx_hal_adc.h:1945:25: note: declared here
 1945 | HAL_StatusTypeDef       HAL_ADC_Start_DMA(ADC_HandleTypeDef *hadc, uint32_t *pData, uint32_t Length);
      |                         ^~~~~~~~~~~~~~~~~
../Core/Src/main.c:544:19: error: 'conversion_complete' undeclared (first use in this function); did you mean 'conversion_completed'?
  544 |                   conversion_complete = 0;
      |                   ^~~~~~~~~~~~~~~~~~~
      |                   conversion_completed
make: *** [Core/Src/subdir.mk:37: Core/Src/main.o] Error 1
make: *** Waiting for unfinished jobs....
"make -j20 all" terminated with exit code 2. Build might be incomplete.
15:14:13 **** Incremental Build of configuration Debug for project BatteryPower ****
make -j20 all 
arm-none-eabi-gcc "../Core/Src/main.c" -mcpu=cortex-m4 -std=gnu11 -g3 -DDEBUG -DUSE_HAL_DRIVER -DSTM32L432xx -c -I../Core/Inc -I../Drivers/STM32L4xx_HAL_Driver/Inc -I../Drivers/STM32L4xx_HAL_Driver/Inc/Legacy -I../Drivers/CMSIS/Device/ST/STM32L4xx/Include -I../Drivers/CMSIS/Include -I../Middlewares/Third_Party/FreeRTOS/Source/include -I../Middlewares/Third_Party/FreeRTOS/Source/CMSIS_RTOS_V2 -I../Middlewares/Third_Party/FreeRTOS/Source/portable/GCC/ARM_CM4F -O0 -ffunction-sections -fdata-sections -Wall -fstack-usage -fcyclomatic-complexity -MMD -MP -MF"Core/Src/main.d" -MT"Core/Src/main.o" --specs=nano.specs -mfpu=fpv4-sp-d16 -mfloat-abi=hard -mthumb -o "Core/Src/main.o"
../Core/Src/main.c:32:23: error: expected ':', ',', ';', '}' or '__attribute__' before '=' token
   32 |   float batt_volt[64] = {0};
      |                       ^
../Core/Src/main.c: In function 'StartAdcTask':
../Core/Src/main.c:531:9: warning: implicit declaration of function 'memset' [-Wimplicit-function-declaration]
  531 |         memset(adcResults, 0, 5);
      |         ^~~~~~
../Core/Src/main.c:22:1: note: include '<string.h>' or provide a declaration of 'memset'
   21 | #include "cmsis_os.h"
  +++ |+#include <string.h>
   22 | 
../Core/Src/main.c:531:9: warning: incompatible implicit declaration of built-in function 'memset' [-Wbuiltin-declaration-mismatch]
  531 |         memset(adcResults, 0, 5);
      |         ^~~~~~
../Core/Src/main.c:531:9: note: include '<string.h>' or provide a declaration of 'memset'
../Core/Src/main.c:531:9: warning: 'memset' used with length equal to number of elements without multiplication by element size [-Wmemset-elt-size]
../Core/Src/main.c:531:16: warning: passing argument 1 of 'memset' discards 'volatile' qualifier from pointer target type [-Wdiscarded-qualifiers]
  531 |         memset(adcResults, 0, 5);
      |                ^~~~~~~~~~
../Core/Src/main.c:531:16: note: expected 'void *' but argument is of type 'volatile uint16_t *' {aka 'volatile short unsigned int *'}
../Core/Src/main.c:532:36: error: 'unit32_t' undeclared (first use in this function); did you mean 'uint32_t'?
  532 |         HAL_ADC_Start_DMA(&hadc1, (unit32_t *)adcResults, 5);
      |                                    ^~~~~~~~
      |                                    uint32_t
../Core/Src/main.c:532:36: note: each undeclared identifier is reported only once for each function it appears in
../Core/Src/main.c:532:46: error: expected expression before ')' token
  532 |         HAL_ADC_Start_DMA(&hadc1, (unit32_t *)adcResults, 5);
      |                                              ^
../Core/Src/main.c:532:9: error: too few arguments to function 'HAL_ADC_Start_DMA'
  532 |         HAL_ADC_Start_DMA(&hadc1, (unit32_t *)adcResults, 5);
      |         ^~~~~~~~~~~~~~~~~
In file included from ../Core/Inc/stm32l4xx_hal_conf.h:278,
                 from ../Drivers/STM32L4xx_HAL_Driver/Inc/stm32l4xx_hal.h:29,
                 from ../Core/Inc/main.h:30,
                 from ../Core/Src/main.c:20:
../Drivers/STM32L4xx_HAL_Driver/Inc/stm32l4xx_hal_adc.h:1945:25: note: declared here
 1945 | HAL_StatusTypeDef       HAL_ADC_Start_DMA(ADC_HandleTypeDef *hadc, uint32_t *pData, uint32_t Length);
      |                         ^~~~~~~~~~~~~~~~~
../Core/Src/main.c:538:37: error: 'bbData_t' has no member named 'batt_volt'
  538 |                   battery_board_data.batt_volt[0] = adcResults[0] * ADC_VOLT_REF * BATTERY_VOLT_DIVIDER;
      |                                     ^
../Core/Src/main.c:539:37: error: 'bbData_t' has no member named 'batt_cur'
  539 |                   battery_board_data.batt_cur[0] = adcResults[1] * ADC_VOLT_REF * VOLT_TO_CURR;
      |                                     ^
../Core/Src/main.c:540:37: error: 'bbData_t' has no member named 'output_cur'
  540 |                   battery_board_data.output_cur[0] = adcResults[2] * ADC_VOLT_REF * VOLT_TO_CURR;
      |                                     ^
../Core/Src/main.c:541:37: error: 'bbData_t' has no member named 'output_volt'
  541 |                   battery_board_data.output_volt[0] = adcResults[3] * ADC_VOLT_REF * OUTPUT_VOLT_DIVIDER;
      |                                     ^
../Core/Src/main.c:542:37: error: 'bbData_t' has no member named 'output_cur'
  542 |                   battery_board_data.output_cur[0] = adcResults[4] * ADC_VOLT_REF * VOLT_TO_CURR;
      |                                     ^
../Core/Src/main.c:543:56: error: expected expression before ')' token
  543 |                   HAL_ADC_Start_DMA(&hadc1, (unit32_t *)adcResults, 5);
      |                                                        ^
../Core/Src/main.c:543:19: error: too few arguments to function 'HAL_ADC_Start_DMA'
  543 |                   HAL_ADC_Start_DMA(&hadc1, (unit32_t *)adcResults, 5);
      |                   ^~~~~~~~~~~~~~~~~
In file included from ../Core/Inc/stm32l4xx_hal_conf.h:278,
                 from ../Drivers/STM32L4xx_HAL_Driver/Inc/stm32l4xx_hal.h:29,
                 from ../Core/Inc/main.h:30,
                 from ../Core/Src/main.c:20:
../Drivers/STM32L4xx_HAL_Driver/Inc/stm32l4xx_hal_adc.h:1945:25: note: declared here
 1945 | HAL_StatusTypeDef       HAL_ADC_Start_DMA(ADC_HandleTypeDef *hadc, uint32_t *pData, uint32_t Length);
      |                         ^~~~~~~~~~~~~~~~~
../Core/Src/main.c:544:19: error: 'conversion_complete' undeclared (first use in this function); did you mean 'conversion_completed'?
  544 |                   conversion_complete = 0;
      |                   ^~~~~~~~~~~~~~~~~~~
      |                   conversion_completed
make: *** [Core/Src/subdir.mk:37: Core/Src/main.o] Error 1
"make -j20 all" terminated with exit code 2. Build might be incomplete.
15:15:17 **** Incremental Build of configuration Debug for project BatteryPower ****
make -j20 all 
arm-none-eabi-gcc "../Core/Src/main.c" -mcpu=cortex-m4 -std=gnu11 -g3 -DDEBUG -DUSE_HAL_DRIVER -DSTM32L432xx -c -I../Core/Inc -I../Drivers/STM32L4xx_HAL_Driver/Inc -I../Drivers/STM32L4xx_HAL_Driver/Inc/Legacy -I../Drivers/CMSIS/Device/ST/STM32L4xx/Include -I../Drivers/CMSIS/Include -I../Middlewares/Third_Party/FreeRTOS/Source/include -I../Middlewares/Third_Party/FreeRTOS/Source/CMSIS_RTOS_V2 -I../Middlewares/Third_Party/FreeRTOS/Source/portable/GCC/ARM_CM4F -O0 -ffunction-sections -fdata-sections -Wall -fstack-usage -fcyclomatic-complexity -MMD -MP -MF"Core/Src/main.d" -MT"Core/Src/main.o" --specs=nano.specs -mfpu=fpv4-sp-d16 -mfloat-abi=hard -mthumb -o "Core/Src/main.o"
../Core/Src/main.c:32:23: error: expected ':', ',', ';', '}' or '__attribute__' before '=' token
   32 |   float batt_volt[64] = {0};
      |                       ^
../Core/Src/main.c: In function 'StartAdcTask':
../Core/Src/main.c:531:9: warning: implicit declaration of function 'memset' [-Wimplicit-function-declaration]
  531 |         memset(adcResults, 0, 5);
      |         ^~~~~~
../Core/Src/main.c:22:1: note: include '<string.h>' or provide a declaration of 'memset'
   21 | #include "cmsis_os.h"
  +++ |+#include <string.h>
   22 | 
../Core/Src/main.c:531:9: warning: incompatible implicit declaration of built-in function 'memset' [-Wbuiltin-declaration-mismatch]
  531 |         memset(adcResults, 0, 5);
      |         ^~~~~~
../Core/Src/main.c:531:9: note: include '<string.h>' or provide a declaration of 'memset'
../Core/Src/main.c:531:9: warning: 'memset' used with length equal to number of elements without multiplication by element size [-Wmemset-elt-size]
../Core/Src/main.c:531:16: warning: passing argument 1 of 'memset' discards 'volatile' qualifier from pointer target type [-Wdiscarded-qualifiers]
  531 |         memset(adcResults, 0, 5);
      |                ^~~~~~~~~~
../Core/Src/main.c:531:16: note: expected 'void *' but argument is of type 'volatile uint16_t *' {aka 'volatile short unsigned int *'}
../Core/Src/main.c:532:36: error: 'unit32_t' undeclared (first use in this function); did you mean 'uint32_t'?
  532 |         HAL_ADC_Start_DMA(&hadc1, (unit32_t *)adcResults, 5);
      |                                    ^~~~~~~~
      |                                    uint32_t
../Core/Src/main.c:532:36: note: each undeclared identifier is reported only once for each function it appears in
../Core/Src/main.c:532:46: error: expected expression before ')' token
  532 |         HAL_ADC_Start_DMA(&hadc1, (unit32_t *)adcResults, 5);
      |                                              ^
../Core/Src/main.c:532:9: error: too few arguments to function 'HAL_ADC_Start_DMA'
  532 |         HAL_ADC_Start_DMA(&hadc1, (unit32_t *)adcResults, 5);
      |         ^~~~~~~~~~~~~~~~~
In file included from ../Core/Inc/stm32l4xx_hal_conf.h:278,
                 from ../Drivers/STM32L4xx_HAL_Driver/Inc/stm32l4xx_hal.h:29,
                 from ../Core/Inc/main.h:30,
                 from ../Core/Src/main.c:20:
../Drivers/STM32L4xx_HAL_Driver/Inc/stm32l4xx_hal_adc.h:1945:25: note: declared here
 1945 | HAL_StatusTypeDef       HAL_ADC_Start_DMA(ADC_HandleTypeDef *hadc, uint32_t *pData, uint32_t Length);
      |                         ^~~~~~~~~~~~~~~~~
../Core/Src/main.c:538:37: error: 'bbData_t' has no member named 'batt_volt'
  538 |                   battery_board_data.batt_volt[0] = adcResults[0] * ADC_VOLT_REF * BATTERY_VOLT_DIVIDER;
      |                                     ^
../Core/Src/main.c:539:37: error: 'bbData_t' has no member named 'batt_cur'
  539 |                   battery_board_data.batt_cur[0] = adcResults[1] * ADC_VOLT_REF * VOLT_TO_CURR;
      |                                     ^
../Core/Src/main.c:540:37: error: 'bbData_t' has no member named 'output_cur'
  540 |                   battery_board_data.output_cur[0] = adcResults[2] * ADC_VOLT_REF * VOLT_TO_CURR;
      |                                     ^
../Core/Src/main.c:541:37: error: 'bbData_t' has no member named 'output_volt'
  541 |                   battery_board_data.output_volt[0] = adcResults[3] * ADC_VOLT_REF * OUTPUT_VOLT_DIVIDER;
      |                                     ^
../Core/Src/main.c:542:37: error: 'bbData_t' has no member named 'output_cur'
  542 |                   battery_board_data.output_cur[0] = adcResults[4] * ADC_VOLT_REF * VOLT_TO_CURR;
      |                                     ^
../Core/Src/main.c:543:56: error: expected expression before ')' token
  543 |                   HAL_ADC_Start_DMA(&hadc1, (unit32_t *)adcResults, 5);
      |                                                        ^
../Core/Src/main.c:543:19: error: too few arguments to function 'HAL_ADC_Start_DMA'
  543 |                   HAL_ADC_Start_DMA(&hadc1, (unit32_t *)adcResults, 5);
      |                   ^~~~~~~~~~~~~~~~~
In file included from ../Core/Inc/stm32l4xx_hal_conf.h:278,
                 from ../Drivers/STM32L4xx_HAL_Driver/Inc/stm32l4xx_hal.h:29,
                 from ../Core/Inc/main.h:30,
                 from ../Core/Src/main.c:20:
../Drivers/STM32L4xx_HAL_Driver/Inc/stm32l4xx_hal_adc.h:1945:25: note: declared here
 1945 | HAL_StatusTypeDef       HAL_ADC_Start_DMA(ADC_HandleTypeDef *hadc, uint32_t *pData, uint32_t Length);
      |                         ^~~~~~~~~~~~~~~~~
../Core/Src/main.c:544:19: error: 'conversion_complete' undeclared (first use in this function); did you mean 'conversion_completed'?
  544 |                   conversion_complete = 0;
      |                   ^~~~~~~~~~~~~~~~~~~
      |                   conversion_completed
make: *** [Core/Src/subdir.mk:37: Core/Src/main.o] Error 1
"make -j20 all" terminated with exit code 2. Build might be incomplete.
15:16:58 **** Incremental Build of configuration Debug for project BatteryPower ****
make -j20 all 
arm-none-eabi-gcc "../Core/Src/main.c" -mcpu=cortex-m4 -std=gnu11 -g3 -DDEBUG -DUSE_HAL_DRIVER -DSTM32L432xx -c -I../Core/Inc -I../Drivers/STM32L4xx_HAL_Driver/Inc -I../Drivers/STM32L4xx_HAL_Driver/Inc/Legacy -I../Drivers/CMSIS/Device/ST/STM32L4xx/Include -I../Drivers/CMSIS/Include -I../Middlewares/Third_Party/FreeRTOS/Source/include -I../Middlewares/Third_Party/FreeRTOS/Source/CMSIS_RTOS_V2 -I../Middlewares/Third_Party/FreeRTOS/Source/portable/GCC/ARM_CM4F -O0 -ffunction-sections -fdata-sections -Wall -fstack-usage -fcyclomatic-complexity -MMD -MP -MF"Core/Src/main.d" -MT"Core/Src/main.o" --specs=nano.specs -mfpu=fpv4-sp-d16 -mfloat-abi=hard -mthumb -o "Core/Src/main.o"
../Core/Src/main.c:32:23: error: expected ':', ',', ';', '}' or '__attribute__' before '=' token
   32 |   float batt_volt[64] = {0};
      |                       ^
../Core/Src/main.c: In function 'StartAdcTask':
../Core/Src/main.c:531:9: warning: implicit declaration of function 'memset' [-Wimplicit-function-declaration]
  531 |         memset(adcResults, 0, 5);
      |         ^~~~~~
../Core/Src/main.c:22:1: note: include '<string.h>' or provide a declaration of 'memset'
   21 | #include "cmsis_os.h"
  +++ |+#include <string.h>
   22 | 
../Core/Src/main.c:531:9: warning: incompatible implicit declaration of built-in function 'memset' [-Wbuiltin-declaration-mismatch]
  531 |         memset(adcResults, 0, 5);
      |         ^~~~~~
../Core/Src/main.c:531:9: note: include '<string.h>' or provide a declaration of 'memset'
../Core/Src/main.c:531:9: warning: 'memset' used with length equal to number of elements without multiplication by element size [-Wmemset-elt-size]
../Core/Src/main.c:531:16: warning: passing argument 1 of 'memset' discards 'volatile' qualifier from pointer target type [-Wdiscarded-qualifiers]
  531 |         memset(adcResults, 0, 5);
      |                ^~~~~~~~~~
../Core/Src/main.c:531:16: note: expected 'void *' but argument is of type 'volatile uint16_t *' {aka 'volatile short unsigned int *'}
../Core/Src/main.c:532:36: error: 'unit32_t' undeclared (first use in this function); did you mean 'uint32_t'?
  532 |         HAL_ADC_Start_DMA(&hadc1, (unit32_t *)adcResults, 5);
      |                                    ^~~~~~~~
      |                                    uint32_t
../Core/Src/main.c:532:36: note: each undeclared identifier is reported only once for each function it appears in
../Core/Src/main.c:532:46: error: expected expression before ')' token
  532 |         HAL_ADC_Start_DMA(&hadc1, (unit32_t *)adcResults, 5);
      |                                              ^
../Core/Src/main.c:532:9: error: too few arguments to function 'HAL_ADC_Start_DMA'
  532 |         HAL_ADC_Start_DMA(&hadc1, (unit32_t *)adcResults, 5);
      |         ^~~~~~~~~~~~~~~~~
In file included from ../Core/Inc/stm32l4xx_hal_conf.h:278,
                 from ../Drivers/STM32L4xx_HAL_Driver/Inc/stm32l4xx_hal.h:29,
                 from ../Core/Inc/main.h:30,
                 from ../Core/Src/main.c:20:
../Drivers/STM32L4xx_HAL_Driver/Inc/stm32l4xx_hal_adc.h:1945:25: note: declared here
 1945 | HAL_StatusTypeDef       HAL_ADC_Start_DMA(ADC_HandleTypeDef *hadc, uint32_t *pData, uint32_t Length);
      |                         ^~~~~~~~~~~~~~~~~
../Core/Src/main.c:538:37: error: 'bbData_t' has no member named 'batt_volt'
  538 |                   battery_board_data.batt_volt[0] = adcResults[0] * ADC_VOLT_REF * BATTERY_VOLT_DIVIDER;
      |                                     ^
../Core/Src/main.c:539:37: error: 'bbData_t' has no member named 'batt_cur'
  539 |                   battery_board_data.batt_cur[0] = adcResults[1] * ADC_VOLT_REF * VOLT_TO_CURR;
      |                                     ^
../Core/Src/main.c:540:37: error: 'bbData_t' has no member named 'output_cur'
  540 |                   battery_board_data.output_cur[0] = adcResults[2] * ADC_VOLT_REF * VOLT_TO_CURR;
      |                                     ^
../Core/Src/main.c:541:37: error: 'bbData_t' has no member named 'output_volt'
  541 |                   battery_board_data.output_volt[0] = adcResults[3] * ADC_VOLT_REF * OUTPUT_VOLT_DIVIDER;
      |                                     ^
../Core/Src/main.c:542:37: error: 'bbData_t' has no member named 'output_cur'
  542 |                   battery_board_data.output_cur[0] = adcResults[4] * ADC_VOLT_REF * VOLT_TO_CURR;
      |                                     ^
../Core/Src/main.c:543:56: error: expected expression before ')' token
  543 |                   HAL_ADC_Start_DMA(&hadc1, (unit32_t *)adcResults, 5);
      |                                                        ^
../Core/Src/main.c:543:19: error: too few arguments to function 'HAL_ADC_Start_DMA'
  543 |                   HAL_ADC_Start_DMA(&hadc1, (unit32_t *)adcResults, 5);
      |                   ^~~~~~~~~~~~~~~~~
In file included from ../Core/Inc/stm32l4xx_hal_conf.h:278,
                 from ../Drivers/STM32L4xx_HAL_Driver/Inc/stm32l4xx_hal.h:29,
                 from ../Core/Inc/main.h:30,
                 from ../Core/Src/main.c:20:
../Drivers/STM32L4xx_HAL_Driver/Inc/stm32l4xx_hal_adc.h:1945:25: note: declared here
 1945 | HAL_StatusTypeDef       HAL_ADC_Start_DMA(ADC_HandleTypeDef *hadc, uint32_t *pData, uint32_t Length);
      |                         ^~~~~~~~~~~~~~~~~
../Core/Src/main.c:544:19: error: 'conversion_complete' undeclared (first use in this function); did you mean 'conversion_completed'?
  544 |                   conversion_complete = 0;
      |                   ^~~~~~~~~~~~~~~~~~~
      |                   conversion_completed
make: *** [Core/Src/subdir.mk:37: Core/Src/main.o] Error 1
"make -j20 all" terminated with exit code 2. Build might be incomplete.
12:06:32 **** Incremental Build of configuration Debug for project BatteryPower ****
make -j20 all 
arm-none-eabi-gcc "../Core/Src/main.c" -mcpu=cortex-m4 -std=gnu11 -g3 -DDEBUG -DUSE_HAL_DRIVER -DSTM32L432xx -c -I../Core/Inc -I../Drivers/STM32L4xx_HAL_Driver/Inc -I../Drivers/STM32L4xx_HAL_Driver/Inc/Legacy -I../Drivers/CMSIS/Device/ST/STM32L4xx/Include -I../Drivers/CMSIS/Include -I../Middlewares/Third_Party/FreeRTOS/Source/include -I../Middlewares/Third_Party/FreeRTOS/Source/CMSIS_RTOS_V2 -I../Middlewares/Third_Party/FreeRTOS/Source/portable/GCC/ARM_CM4F -O0 -ffunction-sections -fdata-sections -Wall -fstack-usage -fcyclomatic-complexity -MMD -MP -MF"Core/Src/main.d" -MT"Core/Src/main.o" --specs=nano.specs -mfpu=fpv4-sp-d16 -mfloat-abi=hard -mthumb -o "Core/Src/main.o"
../Core/Src/main.c:100:26: error: expected ')' before '.' token
  100 | memset(battery_board_data.batt_volt, 0, 64)
      |                          ^
      |                          )
../Core/Src/main.c: In function 'StartAdcTask':
../Core/Src/main.c:532:9: warning: implicit declaration of function 'memset' [-Wimplicit-function-declaration]
  532 |         memset(adcResults, 0, 5);
      |         ^~~~~~
../Core/Src/main.c:22:1: note: include '<string.h>' or provide a declaration of 'memset'
   21 | #include "cmsis_os.h"
  +++ |+#include <string.h>
   22 | 
../Core/Src/main.c:532:9: warning: incompatible implicit declaration of built-in function 'memset' [-Wbuiltin-declaration-mismatch]
  532 |         memset(adcResults, 0, 5);
      |         ^~~~~~
../Core/Src/main.c:532:9: note: include '<string.h>' or provide a declaration of 'memset'
../Core/Src/main.c:532:16: error: 'adcResults' undeclared (first use in this function)
  532 |         memset(adcResults, 0, 5);
      |                ^~~~~~~~~~
../Core/Src/main.c:532:16: note: each undeclared identifier is reported only once for each function it appears in
../Core/Src/main.c:533:36: error: 'unit32_t' undeclared (first use in this function); did you mean 'uint32_t'?
  533 |         HAL_ADC_Start_DMA(&hadc1, (unit32_t *)adcResults, 5);
      |                                    ^~~~~~~~
      |                                    uint32_t
../Core/Src/main.c:533:46: error: expected expression before ')' token
  533 |         HAL_ADC_Start_DMA(&hadc1, (unit32_t *)adcResults, 5);
      |                                              ^
../Core/Src/main.c:533:9: error: too few arguments to function 'HAL_ADC_Start_DMA'
  533 |         HAL_ADC_Start_DMA(&hadc1, (unit32_t *)adcResults, 5);
      |         ^~~~~~~~~~~~~~~~~
In file included from ../Core/Inc/stm32l4xx_hal_conf.h:278,
                 from ../Drivers/STM32L4xx_HAL_Driver/Inc/stm32l4xx_hal.h:29,
                 from ../Core/Inc/main.h:30,
                 from ../Core/Src/main.c:20:
../Drivers/STM32L4xx_HAL_Driver/Inc/stm32l4xx_hal_adc.h:1945:25: note: declared here
 1945 | HAL_StatusTypeDef       HAL_ADC_Start_DMA(ADC_HandleTypeDef *hadc, uint32_t *pData, uint32_t Length);
      |                         ^~~~~~~~~~~~~~~~~
../Core/Src/main.c:544:56: error: expected expression before ')' token
  544 |                   HAL_ADC_Start_DMA(&hadc1, (unit32_t *)adcResults, 5);
      |                                                        ^
../Core/Src/main.c:544:19: error: too few arguments to function 'HAL_ADC_Start_DMA'
  544 |                   HAL_ADC_Start_DMA(&hadc1, (unit32_t *)adcResults, 5);
      |                   ^~~~~~~~~~~~~~~~~
In file included from ../Core/Inc/stm32l4xx_hal_conf.h:278,
                 from ../Drivers/STM32L4xx_HAL_Driver/Inc/stm32l4xx_hal.h:29,
                 from ../Core/Inc/main.h:30,
                 from ../Core/Src/main.c:20:
../Drivers/STM32L4xx_HAL_Driver/Inc/stm32l4xx_hal_adc.h:1945:25: note: declared here
 1945 | HAL_StatusTypeDef       HAL_ADC_Start_DMA(ADC_HandleTypeDef *hadc, uint32_t *pData, uint32_t Length);
      |                         ^~~~~~~~~~~~~~~~~
../Core/Src/main.c:545:19: error: 'conversion_complete' undeclared (first use in this function); did you mean 'conversion_completed'?
  545 |                   conversion_complete = 0;
      |                   ^~~~~~~~~~~~~~~~~~~
      |                   conversion_completed
make: *** [Core/Src/subdir.mk:37: Core/Src/main.o] Error 1
"make -j20 all" terminated with exit code 2. Build might be incomplete.
12:06:55 **** Incremental Build of configuration Debug for project BatteryPower ****
make -j20 all 
arm-none-eabi-gcc "../Core/Src/main.c" -mcpu=cortex-m4 -std=gnu11 -g3 -DDEBUG -DUSE_HAL_DRIVER -DSTM32L432xx -c -I../Core/Inc -I../Drivers/STM32L4xx_HAL_Driver/Inc -I../Drivers/STM32L4xx_HAL_Driver/Inc/Legacy -I../Drivers/CMSIS/Device/ST/STM32L4xx/Include -I../Drivers/CMSIS/Include -I../Middlewares/Third_Party/FreeRTOS/Source/include -I../Middlewares/Third_Party/FreeRTOS/Source/CMSIS_RTOS_V2 -I../Middlewares/Third_Party/FreeRTOS/Source/portable/GCC/ARM_CM4F -O0 -ffunction-sections -fdata-sections -Wall -fstack-usage -fcyclomatic-complexity -MMD -MP -MF"Core/Src/main.d" -MT"Core/Src/main.o" --specs=nano.specs -mfpu=fpv4-sp-d16 -mfloat-abi=hard -mthumb -o "Core/Src/main.o"
../Core/Src/main.c:100:26: error: expected ')' before '.' token
  100 | memset(battery_board_data.batt_volt, 0, 64)
      |                          ^
      |                          )
../Core/Src/main.c: In function 'StartAdcTask':
../Core/Src/main.c:532:9: warning: implicit declaration of function 'memset' [-Wimplicit-function-declaration]
  532 |         memset(adcResults, 0, 5);
      |         ^~~~~~
../Core/Src/main.c:22:1: note: include '<string.h>' or provide a declaration of 'memset'
   21 | #include "cmsis_os.h"
  +++ |+#include <string.h>
   22 | 
../Core/Src/main.c:532:9: warning: incompatible implicit declaration of built-in function 'memset' [-Wbuiltin-declaration-mismatch]
  532 |         memset(adcResults, 0, 5);
      |         ^~~~~~
../Core/Src/main.c:532:9: note: include '<string.h>' or provide a declaration of 'memset'
../Core/Src/main.c:532:16: error: 'adcResults' undeclared (first use in this function)
  532 |         memset(adcResults, 0, 5);
      |                ^~~~~~~~~~
../Core/Src/main.c:532:16: note: each undeclared identifier is reported only once for each function it appears in
../Core/Src/main.c:533:36: error: 'unit32_t' undeclared (first use in this function); did you mean 'uint32_t'?
  533 |         HAL_ADC_Start_DMA(&hadc1, (unit32_t *)adcResults, 5);
      |                                    ^~~~~~~~
      |                                    uint32_t
../Core/Src/main.c:533:46: error: expected expression before ')' token
  533 |         HAL_ADC_Start_DMA(&hadc1, (unit32_t *)adcResults, 5);
      |                                              ^
../Core/Src/main.c:533:9: error: too few arguments to function 'HAL_ADC_Start_DMA'
  533 |         HAL_ADC_Start_DMA(&hadc1, (unit32_t *)adcResults, 5);
      |         ^~~~~~~~~~~~~~~~~
In file included from ../Core/Inc/stm32l4xx_hal_conf.h:278,
                 from ../Drivers/STM32L4xx_HAL_Driver/Inc/stm32l4xx_hal.h:29,
                 from ../Core/Inc/main.h:30,
                 from ../Core/Src/main.c:20:
../Drivers/STM32L4xx_HAL_Driver/Inc/stm32l4xx_hal_adc.h:1945:25: note: declared here
 1945 | HAL_StatusTypeDef       HAL_ADC_Start_DMA(ADC_HandleTypeDef *hadc, uint32_t *pData, uint32_t Length);
      |                         ^~~~~~~~~~~~~~~~~
../Core/Src/main.c:544:56: error: expected expression before ')' token
  544 |                   HAL_ADC_Start_DMA(&hadc1, (unit32_t *)adcResults, 5);
      |                                                        ^
../Core/Src/main.c:544:19: error: too few arguments to function 'HAL_ADC_Start_DMA'
  544 |                   HAL_ADC_Start_DMA(&hadc1, (unit32_t *)adcResults, 5);
      |                   ^~~~~~~~~~~~~~~~~
In file included from ../Core/Inc/stm32l4xx_hal_conf.h:278,
                 from ../Drivers/STM32L4xx_HAL_Driver/Inc/stm32l4xx_hal.h:29,
                 from ../Core/Inc/main.h:30,
                 from ../Core/Src/main.c:20:
../Drivers/STM32L4xx_HAL_Driver/Inc/stm32l4xx_hal_adc.h:1945:25: note: declared here
 1945 | HAL_StatusTypeDef       HAL_ADC_Start_DMA(ADC_HandleTypeDef *hadc, uint32_t *pData, uint32_t Length);
      |                         ^~~~~~~~~~~~~~~~~
../Core/Src/main.c:545:19: error: 'conversion_complete' undeclared (first use in this function); did you mean 'conversion_completed'?
  545 |                   conversion_complete = 0;
      |                   ^~~~~~~~~~~~~~~~~~~
      |                   conversion_completed
make: *** [Core/Src/subdir.mk:37: Core/Src/main.o] Error 1
"make -j20 all" terminated with exit code 2. Build might be incomplete.
12:07:15 **** Incremental Build of configuration Debug for project BatteryPower ****
make -j20 all 
arm-none-eabi-gcc "../Core/Src/main.c" -mcpu=cortex-m4 -std=gnu11 -g3 -DDEBUG -DUSE_HAL_DRIVER -DSTM32L432xx -c -I../Core/Inc -I../Drivers/STM32L4xx_HAL_Driver/Inc -I../Drivers/STM32L4xx_HAL_Driver/Inc/Legacy -I../Drivers/CMSIS/Device/ST/STM32L4xx/Include -I../Drivers/CMSIS/Include -I../Middlewares/Third_Party/FreeRTOS/Source/include -I../Middlewares/Third_Party/FreeRTOS/Source/CMSIS_RTOS_V2 -I../Middlewares/Third_Party/FreeRTOS/Source/portable/GCC/ARM_CM4F -O0 -ffunction-sections -fdata-sections -Wall -fstack-usage -fcyclomatic-complexity -MMD -MP -MF"Core/Src/main.d" -MT"Core/Src/main.o" --specs=nano.specs -mfpu=fpv4-sp-d16 -mfloat-abi=hard -mthumb -o "Core/Src/main.o"
../Core/Src/main.c:37:1: warning: useless storage class specifier in empty declaration
   37 | };
      | ^
../Core/Src/main.c:99:1: error: unknown type name 'bbData_t'; use 'struct' keyword to refer to the type
   99 | bbData_t battery_board_data;
      | ^~~~~~~~
      | struct 
../Core/Src/main.c:100:26: error: expected ')' before '.' token
  100 | memset(battery_board_data.batt_volt, 0, 64)
      |                          ^
      |                          )
../Core/Src/main.c: In function 'StartAdcTask':
../Core/Src/main.c:532:9: warning: implicit declaration of function 'memset' [-Wimplicit-function-declaration]
  532 |         memset(adcResults, 0, 5);
      |         ^~~~~~
../Core/Src/main.c:22:1: note: include '<string.h>' or provide a declaration of 'memset'
   21 | #include "cmsis_os.h"
  +++ |+#include <string.h>
   22 | 
../Core/Src/main.c:532:9: warning: incompatible implicit declaration of built-in function 'memset' [-Wbuiltin-declaration-mismatch]
  532 |         memset(adcResults, 0, 5);
      |         ^~~~~~
../Core/Src/main.c:532:9: note: include '<string.h>' or provide a declaration of 'memset'
../Core/Src/main.c:532:16: error: 'adcResults' undeclared (first use in this function)
  532 |         memset(adcResults, 0, 5);
      |                ^~~~~~~~~~
../Core/Src/main.c:532:16: note: each undeclared identifier is reported only once for each function it appears in
../Core/Src/main.c:539:37: error: request for member 'batt_volt' in something not a structure or union
  539 |                   battery_board_data.batt_volt[0] = adcResults[0] * ADC_VOLT_REF * BATTERY_VOLT_DIVIDER;
      |                                     ^
../Core/Src/main.c:540:37: error: request for member 'batt_cur' in something not a structure or union
  540 |                   battery_board_data.batt_cur[0] = adcResults[1] * ADC_VOLT_REF * VOLT_TO_CURR;
      |                                     ^
../Core/Src/main.c:541:37: error: request for member 'output_cur' in something not a structure or union
  541 |                   battery_board_data.output_cur[0] = adcResults[2] * ADC_VOLT_REF * VOLT_TO_CURR;
      |                                     ^
../Core/Src/main.c:542:37: error: request for member 'output_volt' in something not a structure or union
  542 |                   battery_board_data.output_volt[0] = adcResults[3] * ADC_VOLT_REF * OUTPUT_VOLT_DIVIDER;
      |                                     ^
../Core/Src/main.c:543:37: error: request for member 'output_cur' in something not a structure or union
  543 |                   battery_board_data.output_cur[0] = adcResults[4] * ADC_VOLT_REF * VOLT_TO_CURR;
      |                                     ^
../Core/Src/main.c:544:46: error: 'unit32_t' undeclared (first use in this function); did you mean 'uint32_t'?
  544 |                   HAL_ADC_Start_DMA(&hadc1, (unit32_t *)adcResults, 5);
      |                                              ^~~~~~~~
      |                                              uint32_t
../Core/Src/main.c:544:56: error: expected expression before ')' token
  544 |                   HAL_ADC_Start_DMA(&hadc1, (unit32_t *)adcResults, 5);
      |                                                        ^
../Core/Src/main.c:544:19: error: too few arguments to function 'HAL_ADC_Start_DMA'
  544 |                   HAL_ADC_Start_DMA(&hadc1, (unit32_t *)adcResults, 5);
      |                   ^~~~~~~~~~~~~~~~~
In file included from ../Core/Inc/stm32l4xx_hal_conf.h:278,
                 from ../Drivers/STM32L4xx_HAL_Driver/Inc/stm32l4xx_hal.h:29,
                 from ../Core/Inc/main.h:30,
                 from ../Core/Src/main.c:20:
../Drivers/STM32L4xx_HAL_Driver/Inc/stm32l4xx_hal_adc.h:1945:25: note: declared here
 1945 | HAL_StatusTypeDef       HAL_ADC_Start_DMA(ADC_HandleTypeDef *hadc, uint32_t *pData, uint32_t Length);
      |                         ^~~~~~~~~~~~~~~~~
../Core/Src/main.c:545:19: error: 'conversion_complete' undeclared (first use in this function); did you mean 'conversion_completed'?
  545 |                   conversion_complete = 0;
      |                   ^~~~~~~~~~~~~~~~~~~
      |                   conversion_completed
make: *** [Core/Src/subdir.mk:37: Core/Src/main.o] Error 1
"make -j20 all" terminated with exit code 2. Build might be incomplete.
12:07:30 **** Incremental Build of configuration Debug for project BatteryPower ****
make -j20 all 
arm-none-eabi-gcc "../Core/Src/main.c" -mcpu=cortex-m4 -std=gnu11 -g3 -DDEBUG -DUSE_HAL_DRIVER -DSTM32L432xx -c -I../Core/Inc -I../Drivers/STM32L4xx_HAL_Driver/Inc -I../Drivers/STM32L4xx_HAL_Driver/Inc/Legacy -I../Drivers/CMSIS/Device/ST/STM32L4xx/Include -I../Drivers/CMSIS/Include -I../Middlewares/Third_Party/FreeRTOS/Source/include -I../Middlewares/Third_Party/FreeRTOS/Source/CMSIS_RTOS_V2 -I../Middlewares/Third_Party/FreeRTOS/Source/portable/GCC/ARM_CM4F -O0 -ffunction-sections -fdata-sections -Wall -fstack-usage -fcyclomatic-complexity -MMD -MP -MF"Core/Src/main.d" -MT"Core/Src/main.o" --specs=nano.specs -mfpu=fpv4-sp-d16 -mfloat-abi=hard -mthumb -o "Core/Src/main.o"
../Core/Src/main.c:37:1: warning: useless storage class specifier in empty declaration
   37 | };
      | ^
../Core/Src/main.c:99:1: error: unknown type name 'bbData_t'; use 'struct' keyword to refer to the type
   99 | bbData_t battery_board_data;
      | ^~~~~~~~
      | struct 
../Core/Src/main.c:100:26: error: expected ')' before '.' token
  100 | memset(battery_board_data.batt_volt, 0, 64)
      |                          ^
      |                          )
../Core/Src/main.c: In function 'StartAdcTask':
../Core/Src/main.c:532:9: warning: implicit declaration of function 'memset' [-Wimplicit-function-declaration]
  532 |         memset(adcResults, 0, 5);
      |         ^~~~~~
../Core/Src/main.c:22:1: note: include '<string.h>' or provide a declaration of 'memset'
   21 | #include "cmsis_os.h"
  +++ |+#include <string.h>
   22 | 
../Core/Src/main.c:532:9: warning: incompatible implicit declaration of built-in function 'memset' [-Wbuiltin-declaration-mismatch]
  532 |         memset(adcResults, 0, 5);
      |         ^~~~~~
../Core/Src/main.c:532:9: note: include '<string.h>' or provide a declaration of 'memset'
../Core/Src/main.c:532:16: error: 'adcResults' undeclared (first use in this function)
  532 |         memset(adcResults, 0, 5);
      |                ^~~~~~~~~~
../Core/Src/main.c:532:16: note: each undeclared identifier is reported only once for each function it appears in
../Core/Src/main.c:539:37: error: request for member 'batt_volt' in something not a structure or union
  539 |                   battery_board_data.batt_volt[0] = adcResults[0] * ADC_VOLT_REF * BATTERY_VOLT_DIVIDER;
      |                                     ^
../Core/Src/main.c:540:37: error: request for member 'batt_cur' in something not a structure or union
  540 |                   battery_board_data.batt_cur[0] = adcResults[1] * ADC_VOLT_REF * VOLT_TO_CURR;
      |                                     ^
../Core/Src/main.c:541:37: error: request for member 'output_cur' in something not a structure or union
  541 |                   battery_board_data.output_cur[0] = adcResults[2] * ADC_VOLT_REF * VOLT_TO_CURR;
      |                                     ^
../Core/Src/main.c:542:37: error: request for member 'output_volt' in something not a structure or union
  542 |                   battery_board_data.output_volt[0] = adcResults[3] * ADC_VOLT_REF * OUTPUT_VOLT_DIVIDER;
      |                                     ^
../Core/Src/main.c:543:37: error: request for member 'output_cur' in something not a structure or union
  543 |                   battery_board_data.output_cur[0] = adcResults[4] * ADC_VOLT_REF * VOLT_TO_CURR;
      |                                     ^
../Core/Src/main.c:544:46: error: 'unit32_t' undeclared (first use in this function); did you mean 'uint32_t'?
  544 |                   HAL_ADC_Start_DMA(&hadc1, (unit32_t *)adcResults, 5);
      |                                              ^~~~~~~~
      |                                              uint32_t
../Core/Src/main.c:544:56: error: expected expression before ')' token
  544 |                   HAL_ADC_Start_DMA(&hadc1, (unit32_t *)adcResults, 5);
      |                                                        ^
../Core/Src/main.c:544:19: error: too few arguments to function 'HAL_ADC_Start_DMA'
  544 |                   HAL_ADC_Start_DMA(&hadc1, (unit32_t *)adcResults, 5);
      |                   ^~~~~~~~~~~~~~~~~
In file included from ../Core/Inc/stm32l4xx_hal_conf.h:278,
                 from ../Drivers/STM32L4xx_HAL_Driver/Inc/stm32l4xx_hal.h:29,
                 from ../Core/Inc/main.h:30,
                 from ../Core/Src/main.c:20:
../Drivers/STM32L4xx_HAL_Driver/Inc/stm32l4xx_hal_adc.h:1945:25: note: declared here
 1945 | HAL_StatusTypeDef       HAL_ADC_Start_DMA(ADC_HandleTypeDef *hadc, uint32_t *pData, uint32_t Length);
      |                         ^~~~~~~~~~~~~~~~~
../Core/Src/main.c:545:19: error: 'conversion_complete' undeclared (first use in this function); did you mean 'conversion_completed'?
  545 |                   conversion_complete = 0;
      |                   ^~~~~~~~~~~~~~~~~~~
      |                   conversion_completed
make: *** [Core/Src/subdir.mk:37: Core/Src/main.o] Error 1
"make -j20 all" terminated with exit code 2. Build might be incomplete.
12:09:00 **** Incremental Build of configuration Debug for project BatteryPower ****
make -j20 all 
arm-none-eabi-gcc "../Core/Src/main.c" -mcpu=cortex-m4 -std=gnu11 -g3 -DDEBUG -DUSE_HAL_DRIVER -DSTM32L432xx -c -I../Core/Inc -I../Drivers/STM32L4xx_HAL_Driver/Inc -I../Drivers/STM32L4xx_HAL_Driver/Inc/Legacy -I../Drivers/CMSIS/Device/ST/STM32L4xx/Include -I../Drivers/CMSIS/Include -I../Middlewares/Third_Party/FreeRTOS/Source/include -I../Middlewares/Third_Party/FreeRTOS/Source/CMSIS_RTOS_V2 -I../Middlewares/Third_Party/FreeRTOS/Source/portable/GCC/ARM_CM4F -O0 -ffunction-sections -fdata-sections -Wall -fstack-usage -fcyclomatic-complexity -MMD -MP -MF"Core/Src/main.d" -MT"Core/Src/main.o" --specs=nano.specs -mfpu=fpv4-sp-d16 -mfloat-abi=hard -mthumb -o "Core/Src/main.o"
../Core/Src/main.c:37:1: warning: useless storage class specifier in empty declaration
   37 | };
      | ^
../Core/Src/main.c:99:1: error: unknown type name 'bbData_t'; use 'struct' keyword to refer to the type
   99 | bbData_t battery_board_data;
      | ^~~~~~~~
      | struct 
../Core/Src/main.c:100:26: error: expected ')' before '.' token
  100 | memset(battery_board_data.batt_volt, 0, 64)
      |                          ^
      |                          )
../Core/Src/main.c: In function 'StartAdcTask':
../Core/Src/main.c:532:9: warning: implicit declaration of function 'memset' [-Wimplicit-function-declaration]
  532 |         memset(adcResults, 0, 5);
      |         ^~~~~~
../Core/Src/main.c:22:1: note: include '<string.h>' or provide a declaration of 'memset'
   21 | #include "cmsis_os.h"
  +++ |+#include <string.h>
   22 | 
../Core/Src/main.c:532:9: warning: incompatible implicit declaration of built-in function 'memset' [-Wbuiltin-declaration-mismatch]
  532 |         memset(adcResults, 0, 5);
      |         ^~~~~~
../Core/Src/main.c:532:9: note: include '<string.h>' or provide a declaration of 'memset'
../Core/Src/main.c:532:16: error: 'adcResults' undeclared (first use in this function)
  532 |         memset(adcResults, 0, 5);
      |                ^~~~~~~~~~
../Core/Src/main.c:532:16: note: each undeclared identifier is reported only once for each function it appears in
../Core/Src/main.c:539:37: error: request for member 'batt_volt' in something not a structure or union
  539 |                   battery_board_data.batt_volt[0] = adcResults[0] * ADC_VOLT_REF * BATTERY_VOLT_DIVIDER;
      |                                     ^
../Core/Src/main.c:540:37: error: request for member 'batt_cur' in something not a structure or union
  540 |                   battery_board_data.batt_cur[0] = adcResults[1] * ADC_VOLT_REF * VOLT_TO_CURR;
      |                                     ^
../Core/Src/main.c:541:37: error: request for member 'output_cur' in something not a structure or union
  541 |                   battery_board_data.output_cur[0] = adcResults[2] * ADC_VOLT_REF * VOLT_TO_CURR;
      |                                     ^
../Core/Src/main.c:542:37: error: request for member 'output_volt' in something not a structure or union
  542 |                   battery_board_data.output_volt[0] = adcResults[3] * ADC_VOLT_REF * OUTPUT_VOLT_DIVIDER;
      |                                     ^
../Core/Src/main.c:543:37: error: request for member 'output_cur' in something not a structure or union
  543 |                   battery_board_data.output_cur[0] = adcResults[4] * ADC_VOLT_REF * VOLT_TO_CURR;
      |                                     ^
../Core/Src/main.c:544:46: error: 'unit32_t' undeclared (first use in this function); did you mean 'uint32_t'?
  544 |                   HAL_ADC_Start_DMA(&hadc1, (unit32_t *)adcResults, 5);
      |                                              ^~~~~~~~
      |                                              uint32_t
../Core/Src/main.c:544:56: error: expected expression before ')' token
  544 |                   HAL_ADC_Start_DMA(&hadc1, (unit32_t *)adcResults, 5);
      |                                                        ^
../Core/Src/main.c:544:19: error: too few arguments to function 'HAL_ADC_Start_DMA'
  544 |                   HAL_ADC_Start_DMA(&hadc1, (unit32_t *)adcResults, 5);
      |                   ^~~~~~~~~~~~~~~~~
In file included from ../Core/Inc/stm32l4xx_hal_conf.h:278,
                 from ../Drivers/STM32L4xx_HAL_Driver/Inc/stm32l4xx_hal.h:29,
                 from ../Core/Inc/main.h:30,
                 from ../Core/Src/main.c:20:
../Drivers/STM32L4xx_HAL_Driver/Inc/stm32l4xx_hal_adc.h:1945:25: note: declared here
 1945 | HAL_StatusTypeDef       HAL_ADC_Start_DMA(ADC_HandleTypeDef *hadc, uint32_t *pData, uint32_t Length);
      |                         ^~~~~~~~~~~~~~~~~
../Core/Src/main.c:545:19: error: 'conversion_complete' undeclared (first use in this function); did you mean 'conversion_completed'?
  545 |                   conversion_complete = 0;
      |                   ^~~~~~~~~~~~~~~~~~~
      |                   conversion_completed
make: *** [Core/Src/subdir.mk:37: Core/Src/main.o] Error 1
"make -j20 all" terminated with exit code 2. Build might be incomplete.
12:09:41 **** Incremental Build of configuration Debug for project BatteryPower ****
make -j20 all 
arm-none-eabi-gcc "../Core/Src/main.c" -mcpu=cortex-m4 -std=gnu11 -g3 -DDEBUG -DUSE_HAL_DRIVER -DSTM32L432xx -c -I../Core/Inc -I../Drivers/STM32L4xx_HAL_Driver/Inc -I../Drivers/STM32L4xx_HAL_Driver/Inc/Legacy -I../Drivers/CMSIS/Device/ST/STM32L4xx/Include -I../Drivers/CMSIS/Include -I../Middlewares/Third_Party/FreeRTOS/Source/include -I../Middlewares/Third_Party/FreeRTOS/Source/CMSIS_RTOS_V2 -I../Middlewares/Third_Party/FreeRTOS/Source/portable/GCC/ARM_CM4F -O0 -ffunction-sections -fdata-sections -Wall -fstack-usage -fcyclomatic-complexity -MMD -MP -MF"Core/Src/main.d" -MT"Core/Src/main.o" --specs=nano.specs -mfpu=fpv4-sp-d16 -mfloat-abi=hard -mthumb -o "Core/Src/main.o"
../Core/Src/main.c:37:1: warning: useless storage class specifier in empty declaration
   37 | };
      | ^
../Core/Src/main.c:99:1: error: unknown type name 'bbData_t'; use 'struct' keyword to refer to the type
   99 | bbData_t battery_board_data;
      | ^~~~~~~~
      | struct 
../Core/Src/main.c:100:26: error: expected ')' before '.' token
  100 | memset(battery_board_data.batt_volt, 0, 64)
      |                          ^
      |                          )
../Core/Src/main.c: In function 'StartAdcTask':
../Core/Src/main.c:532:9: warning: implicit declaration of function 'memset' [-Wimplicit-function-declaration]
  532 |         memset(adcResults, 0, 5);
      |         ^~~~~~
../Core/Src/main.c:22:1: note: include '<string.h>' or provide a declaration of 'memset'
   21 | #include "cmsis_os.h"
  +++ |+#include <string.h>
   22 | 
../Core/Src/main.c:532:9: warning: incompatible implicit declaration of built-in function 'memset' [-Wbuiltin-declaration-mismatch]
  532 |         memset(adcResults, 0, 5);
      |         ^~~~~~
../Core/Src/main.c:532:9: note: include '<string.h>' or provide a declaration of 'memset'
../Core/Src/main.c:532:16: error: 'adcResults' undeclared (first use in this function)
  532 |         memset(adcResults, 0, 5);
      |                ^~~~~~~~~~
../Core/Src/main.c:532:16: note: each undeclared identifier is reported only once for each function it appears in
../Core/Src/main.c:539:37: error: request for member 'batt_volt' in something not a structure or union
  539 |                   battery_board_data.batt_volt[0] = adcResults[0] * ADC_VOLT_REF * BATTERY_VOLT_DIVIDER;
      |                                     ^
../Core/Src/main.c:540:37: error: request for member 'batt_cur' in something not a structure or union
  540 |                   battery_board_data.batt_cur[0] = adcResults[1] * ADC_VOLT_REF * VOLT_TO_CURR;
      |                                     ^
../Core/Src/main.c:541:37: error: request for member 'output_cur' in something not a structure or union
  541 |                   battery_board_data.output_cur[0] = adcResults[2] * ADC_VOLT_REF * VOLT_TO_CURR;
      |                                     ^
../Core/Src/main.c:542:37: error: request for member 'output_volt' in something not a structure or union
  542 |                   battery_board_data.output_volt[0] = adcResults[3] * ADC_VOLT_REF * OUTPUT_VOLT_DIVIDER;
      |                                     ^
../Core/Src/main.c:543:37: error: request for member 'output_cur' in something not a structure or union
  543 |                   battery_board_data.output_cur[0] = adcResults[4] * ADC_VOLT_REF * VOLT_TO_CURR;
      |                                     ^
../Core/Src/main.c:544:46: error: 'unit32_t' undeclared (first use in this function); did you mean 'uint32_t'?
  544 |                   HAL_ADC_Start_DMA(&hadc1, (unit32_t *)adcResults, 5);
      |                                              ^~~~~~~~
      |                                              uint32_t
../Core/Src/main.c:544:56: error: expected expression before ')' token
  544 |                   HAL_ADC_Start_DMA(&hadc1, (unit32_t *)adcResults, 5);
      |                                                        ^
../Core/Src/main.c:544:19: error: too few arguments to function 'HAL_ADC_Start_DMA'
  544 |                   HAL_ADC_Start_DMA(&hadc1, (unit32_t *)adcResults, 5);
      |                   ^~~~~~~~~~~~~~~~~
In file included from ../Core/Inc/stm32l4xx_hal_conf.h:278,
                 from ../Drivers/STM32L4xx_HAL_Driver/Inc/stm32l4xx_hal.h:29,
                 from ../Core/Inc/main.h:30,
                 from ../Core/Src/main.c:20:
../Drivers/STM32L4xx_HAL_Driver/Inc/stm32l4xx_hal_adc.h:1945:25: note: declared here
 1945 | HAL_StatusTypeDef       HAL_ADC_Start_DMA(ADC_HandleTypeDef *hadc, uint32_t *pData, uint32_t Length);
      |                         ^~~~~~~~~~~~~~~~~
../Core/Src/main.c:545:19: error: 'conversion_complete' undeclared (first use in this function); did you mean 'conversion_completed'?
  545 |                   conversion_complete = 0;
      |                   ^~~~~~~~~~~~~~~~~~~
      |                   conversion_completed
make: *** [Core/Src/subdir.mk:37: Core/Src/main.o] Error 1
"make -j20 all" terminated with exit code 2. Build might be incomplete.
12:10:48 **** Incremental Build of configuration Debug for project BatteryPower ****
make -j20 all 
arm-none-eabi-gcc "../Core/Src/main.c" -mcpu=cortex-m4 -std=gnu11 -g3 -DDEBUG -DUSE_HAL_DRIVER -DSTM32L432xx -c -I../Core/Inc -I../Drivers/STM32L4xx_HAL_Driver/Inc -I../Drivers/STM32L4xx_HAL_Driver/Inc/Legacy -I../Drivers/CMSIS/Device/ST/STM32L4xx/Include -I../Drivers/CMSIS/Include -I../Middlewares/Third_Party/FreeRTOS/Source/include -I../Middlewares/Third_Party/FreeRTOS/Source/CMSIS_RTOS_V2 -I../Middlewares/Third_Party/FreeRTOS/Source/portable/GCC/ARM_CM4F -O0 -ffunction-sections -fdata-sections -Wall -fstack-usage -fcyclomatic-complexity -MMD -MP -MF"Core/Src/main.d" -MT"Core/Src/main.o" --specs=nano.specs -mfpu=fpv4-sp-d16 -mfloat-abi=hard -mthumb -o "Core/Src/main.o"
../Core/Src/main.c:37:1: warning: useless storage class specifier in empty declaration
   37 | };
      | ^
../Core/Src/main.c:99:1: error: unknown type name 'bbData_t'; use 'struct' keyword to refer to the type
   99 | bbData_t battery_board_data;
      | ^~~~~~~~
      | struct 
../Core/Src/main.c:100:26: error: expected ')' before '.' token
  100 | memset(battery_board_data.batt_volt, 0, 64)
      |                          ^
      |                          )
../Core/Src/main.c: In function 'StartAdcTask':
../Core/Src/main.c:532:9: warning: implicit declaration of function 'memset' [-Wimplicit-function-declaration]
  532 |         memset(adcResults, 0, 5);
      |         ^~~~~~
../Core/Src/main.c:22:1: note: include '<string.h>' or provide a declaration of 'memset'
   21 | #include "cmsis_os.h"
  +++ |+#include <string.h>
   22 | 
../Core/Src/main.c:532:9: warning: incompatible implicit declaration of built-in function 'memset' [-Wbuiltin-declaration-mismatch]
  532 |         memset(adcResults, 0, 5);
      |         ^~~~~~
../Core/Src/main.c:532:9: note: include '<string.h>' or provide a declaration of 'memset'
../Core/Src/main.c:532:16: error: 'adcResults' undeclared (first use in this function)
  532 |         memset(adcResults, 0, 5);
      |                ^~~~~~~~~~
../Core/Src/main.c:532:16: note: each undeclared identifier is reported only once for each function it appears in
../Core/Src/main.c:539:37: error: request for member 'batt_volt' in something not a structure or union
  539 |                   battery_board_data.batt_volt[0] = adcResults[0] * ADC_VOLT_REF * BATTERY_VOLT_DIVIDER;
      |                                     ^
../Core/Src/main.c:540:37: error: request for member 'batt_cur' in something not a structure or union
  540 |                   battery_board_data.batt_cur[0] = adcResults[1] * ADC_VOLT_REF * VOLT_TO_CURR;
      |                                     ^
../Core/Src/main.c:541:37: error: request for member 'output_cur' in something not a structure or union
  541 |                   battery_board_data.output_cur[0] = adcResults[2] * ADC_VOLT_REF * VOLT_TO_CURR;
      |                                     ^
../Core/Src/main.c:542:37: error: request for member 'output_volt' in something not a structure or union
  542 |                   battery_board_data.output_volt[0] = adcResults[3] * ADC_VOLT_REF * OUTPUT_VOLT_DIVIDER;
      |                                     ^
../Core/Src/main.c:543:37: error: request for member 'output_cur' in something not a structure or union
  543 |                   battery_board_data.output_cur[0] = adcResults[4] * ADC_VOLT_REF * VOLT_TO_CURR;
      |                                     ^
../Core/Src/main.c:544:46: error: 'unit32_t' undeclared (first use in this function); did you mean 'uint32_t'?
  544 |                   HAL_ADC_Start_DMA(&hadc1, (unit32_t *)adcResults, 5);
      |                                              ^~~~~~~~
      |                                              uint32_t
../Core/Src/main.c:544:56: error: expected expression before ')' token
  544 |                   HAL_ADC_Start_DMA(&hadc1, (unit32_t *)adcResults, 5);
      |                                                        ^
../Core/Src/main.c:544:19: error: too few arguments to function 'HAL_ADC_Start_DMA'
  544 |                   HAL_ADC_Start_DMA(&hadc1, (unit32_t *)adcResults, 5);
      |                   ^~~~~~~~~~~~~~~~~
In file included from ../Core/Inc/stm32l4xx_hal_conf.h:278,
                 from ../Drivers/STM32L4xx_HAL_Driver/Inc/stm32l4xx_hal.h:29,
                 from ../Core/Inc/main.h:30,
                 from ../Core/Src/main.c:20:
../Drivers/STM32L4xx_HAL_Driver/Inc/stm32l4xx_hal_adc.h:1945:25: note: declared here
 1945 | HAL_StatusTypeDef       HAL_ADC_Start_DMA(ADC_HandleTypeDef *hadc, uint32_t *pData, uint32_t Length);
      |                         ^~~~~~~~~~~~~~~~~
../Core/Src/main.c:545:19: error: 'conversion_complete' undeclared (first use in this function); did you mean 'conversion_completed'?
  545 |                   conversion_complete = 0;
      |                   ^~~~~~~~~~~~~~~~~~~
      |                   conversion_completed
make: *** [Core/Src/subdir.mk:37: Core/Src/main.o] Error 1
"make -j20 all" terminated with exit code 2. Build might be incomplete.
12:17:01 **** Incremental Build of configuration Debug for project BatteryPower ****
make -j20 all 
arm-none-eabi-gcc "../Core/Src/main.c" -mcpu=cortex-m4 -std=gnu11 -g3 -DDEBUG -DUSE_HAL_DRIVER -DSTM32L432xx -c -I../Core/Inc -I../Drivers/STM32L4xx_HAL_Driver/Inc -I../Drivers/STM32L4xx_HAL_Driver/Inc/Legacy -I../Drivers/CMSIS/Device/ST/STM32L4xx/Include -I../Drivers/CMSIS/Include -I../Middlewares/Third_Party/FreeRTOS/Source/include -I../Middlewares/Third_Party/FreeRTOS/Source/CMSIS_RTOS_V2 -I../Middlewares/Third_Party/FreeRTOS/Source/portable/GCC/ARM_CM4F -O0 -ffunction-sections -fdata-sections -Wall -fstack-usage -fcyclomatic-complexity -MMD -MP -MF"Core/Src/main.d" -MT"Core/Src/main.o" --specs=nano.specs -mfpu=fpv4-sp-d16 -mfloat-abi=hard -mthumb -o "Core/Src/main.o"
../Core/Src/main.c: In function 'StartAdcTask':
../Core/Src/main.c:531:9: warning: implicit declaration of function 'memset' [-Wimplicit-function-declaration]
  531 |         memset(adcResults, 0, 5);
      |         ^~~~~~
../Core/Src/main.c:22:1: note: include '<string.h>' or provide a declaration of 'memset'
   21 | #include "cmsis_os.h"
  +++ |+#include <string.h>
   22 | 
../Core/Src/main.c:531:9: warning: incompatible implicit declaration of built-in function 'memset' [-Wbuiltin-declaration-mismatch]
  531 |         memset(adcResults, 0, 5);
      |         ^~~~~~
../Core/Src/main.c:531:9: note: include '<string.h>' or provide a declaration of 'memset'
../Core/Src/main.c:531:9: warning: 'memset' used with length equal to number of elements without multiplication by element size [-Wmemset-elt-size]
../Core/Src/main.c:531:16: warning: passing argument 1 of 'memset' discards 'volatile' qualifier from pointer target type [-Wdiscarded-qualifiers]
  531 |         memset(adcResults, 0, 5);
      |                ^~~~~~~~~~
../Core/Src/main.c:531:16: note: expected 'void *' but argument is of type 'volatile uint32_t *' {aka 'volatile long unsigned int *'}
../Core/Src/main.c:544:19: error: 'conversion_complete' undeclared (first use in this function); did you mean 'conversion_completed'?
  544 |                   conversion_complete = 0;
      |                   ^~~~~~~~~~~~~~~~~~~
      |                   conversion_completed
../Core/Src/main.c:544:19: note: each undeclared identifier is reported only once for each function it appears in
make: *** [Core/Src/subdir.mk:37: Core/Src/main.o] Error 1
"make -j20 all" terminated with exit code 2. Build might be incomplete.
12:17:17 **** Incremental Build of configuration Debug for project BatteryPower ****
make -j20 all 
arm-none-eabi-gcc "../Core/Src/main.c" -mcpu=cortex-m4 -std=gnu11 -g3 -DDEBUG -DUSE_HAL_DRIVER -DSTM32L432xx -c -I../Core/Inc -I../Drivers/STM32L4xx_HAL_Driver/Inc -I../Drivers/STM32L4xx_HAL_Driver/Inc/Legacy -I../Drivers/CMSIS/Device/ST/STM32L4xx/Include -I../Drivers/CMSIS/Include -I../Middlewares/Third_Party/FreeRTOS/Source/include -I../Middlewares/Third_Party/FreeRTOS/Source/CMSIS_RTOS_V2 -I../Middlewares/Third_Party/FreeRTOS/Source/portable/GCC/ARM_CM4F -O0 -ffunction-sections -fdata-sections -Wall -fstack-usage -fcyclomatic-complexity -MMD -MP -MF"Core/Src/main.d" -MT"Core/Src/main.o" --specs=nano.specs -mfpu=fpv4-sp-d16 -mfloat-abi=hard -mthumb -o "Core/Src/main.o"
../Core/Src/main.c: In function 'StartAdcTask':
../Core/Src/main.c:531:9: warning: implicit declaration of function 'memset' [-Wimplicit-function-declaration]
  531 |         memset(adcResults, 0, 5);
      |         ^~~~~~
../Core/Src/main.c:22:1: note: include '<string.h>' or provide a declaration of 'memset'
   21 | #include "cmsis_os.h"
  +++ |+#include <string.h>
   22 | 
../Core/Src/main.c:531:9: warning: incompatible implicit declaration of built-in function 'memset' [-Wbuiltin-declaration-mismatch]
  531 |         memset(adcResults, 0, 5);
      |         ^~~~~~
../Core/Src/main.c:531:9: note: include '<string.h>' or provide a declaration of 'memset'
../Core/Src/main.c:531:9: warning: 'memset' used with length equal to number of elements without multiplication by element size [-Wmemset-elt-size]
../Core/Src/main.c:531:16: warning: passing argument 1 of 'memset' discards 'volatile' qualifier from pointer target type [-Wdiscarded-qualifiers]
  531 |         memset(adcResults, 0, 5);
      |                ^~~~~~~~~~
../Core/Src/main.c:531:16: note: expected 'void *' but argument is of type 'volatile uint32_t *' {aka 'volatile long unsigned int *'}
../Core/Src/main.c:544:19: error: 'conversion_complete' undeclared (first use in this function); did you mean 'conversion_completed'?
  544 |                   conversion_complete = 0;
      |                   ^~~~~~~~~~~~~~~~~~~
      |                   conversion_completed
../Core/Src/main.c:544:19: note: each undeclared identifier is reported only once for each function it appears in
make: *** [Core/Src/subdir.mk:37: Core/Src/main.o] Error 1
"make -j20 all" terminated with exit code 2. Build might be incomplete.
12:17:40 **** Incremental Build of configuration Debug for project BatteryPower ****
make -j20 all 
arm-none-eabi-gcc "../Core/Src/main.c" -mcpu=cortex-m4 -std=gnu11 -g3 -DDEBUG -DUSE_HAL_DRIVER -DSTM32L432xx -c -I../Core/Inc -I../Drivers/STM32L4xx_HAL_Driver/Inc -I../Drivers/STM32L4xx_HAL_Driver/Inc/Legacy -I../Drivers/CMSIS/Device/ST/STM32L4xx/Include -I../Drivers/CMSIS/Include -I../Middlewares/Third_Party/FreeRTOS/Source/include -I../Middlewares/Third_Party/FreeRTOS/Source/CMSIS_RTOS_V2 -I../Middlewares/Third_Party/FreeRTOS/Source/portable/GCC/ARM_CM4F -O0 -ffunction-sections -fdata-sections -Wall -fstack-usage -fcyclomatic-complexity -MMD -MP -MF"Core/Src/main.d" -MT"Core/Src/main.o" --specs=nano.specs -mfpu=fpv4-sp-d16 -mfloat-abi=hard -mthumb -o "Core/Src/main.o"
../Core/Src/main.c: In function 'StartAdcTask':
../Core/Src/main.c:531:9: warning: implicit declaration of function 'memset' [-Wimplicit-function-declaration]
  531 |         memset(adcResults, 0, 5);
      |         ^~~~~~
../Core/Src/main.c:22:1: note: include '<string.h>' or provide a declaration of 'memset'
   21 | #include "cmsis_os.h"
  +++ |+#include <string.h>
   22 | 
../Core/Src/main.c:531:9: warning: incompatible implicit declaration of built-in function 'memset' [-Wbuiltin-declaration-mismatch]
  531 |         memset(adcResults, 0, 5);
      |         ^~~~~~
../Core/Src/main.c:531:9: note: include '<string.h>' or provide a declaration of 'memset'
../Core/Src/main.c:531:9: warning: 'memset' used with length equal to number of elements without multiplication by element size [-Wmemset-elt-size]
../Core/Src/main.c:531:16: warning: passing argument 1 of 'memset' discards 'volatile' qualifier from pointer target type [-Wdiscarded-qualifiers]
  531 |         memset(adcResults, 0, 5);
      |                ^~~~~~~~~~
../Core/Src/main.c:531:16: note: expected 'void *' but argument is of type 'volatile uint32_t *' {aka 'volatile long unsigned int *'}
../Core/Src/main.c:544:19: error: 'conversion_complete' undeclared (first use in this function); did you mean 'conversion_completed'?
  544 |                   conversion_complete = 0;
      |                   ^~~~~~~~~~~~~~~~~~~
      |                   conversion_completed
../Core/Src/main.c:544:19: note: each undeclared identifier is reported only once for each function it appears in
make: *** [Core/Src/subdir.mk:37: Core/Src/main.o] Error 1
"make -j20 all" terminated with exit code 2. Build might be incomplete.
12:17:49 **** Incremental Build of configuration Debug for project BatteryPower ****
make -j20 all 
arm-none-eabi-gcc "../Core/Src/main.c" -mcpu=cortex-m4 -std=gnu11 -g3 -DDEBUG -DUSE_HAL_DRIVER -DSTM32L432xx -c -I../Core/Inc -I../Drivers/STM32L4xx_HAL_Driver/Inc -I../Drivers/STM32L4xx_HAL_Driver/Inc/Legacy -I../Drivers/CMSIS/Device/ST/STM32L4xx/Include -I../Drivers/CMSIS/Include -I../Middlewares/Third_Party/FreeRTOS/Source/include -I../Middlewares/Third_Party/FreeRTOS/Source/CMSIS_RTOS_V2 -I../Middlewares/Third_Party/FreeRTOS/Source/portable/GCC/ARM_CM4F -O0 -ffunction-sections -fdata-sections -Wall -fstack-usage -fcyclomatic-complexity -MMD -MP -MF"Core/Src/main.d" -MT"Core/Src/main.o" --specs=nano.specs -mfpu=fpv4-sp-d16 -mfloat-abi=hard -mthumb -o "Core/Src/main.o"
../Core/Src/main.c: In function 'StartAdcTask':
../Core/Src/main.c:531:9: warning: implicit declaration of function 'memset' [-Wimplicit-function-declaration]
  531 |         memset(adcResults, 0, 5);
      |         ^~~~~~
../Core/Src/main.c:22:1: note: include '<string.h>' or provide a declaration of 'memset'
   21 | #include "cmsis_os.h"
  +++ |+#include <string.h>
   22 | 
../Core/Src/main.c:531:9: warning: incompatible implicit declaration of built-in function 'memset' [-Wbuiltin-declaration-mismatch]
  531 |         memset(adcResults, 0, 5);
      |         ^~~~~~
../Core/Src/main.c:531:9: note: include '<string.h>' or provide a declaration of 'memset'
../Core/Src/main.c:531:9: warning: 'memset' used with length equal to number of elements without multiplication by element size [-Wmemset-elt-size]
../Core/Src/main.c:531:16: warning: passing argument 1 of 'memset' discards 'volatile' qualifier from pointer target type [-Wdiscarded-qualifiers]
  531 |         memset(adcResults, 0, 5);
      |                ^~~~~~~~~~
../Core/Src/main.c:531:16: note: expected 'void *' but argument is of type 'volatile uint32_t *' {aka 'volatile long unsigned int *'}
arm-none-eabi-gcc -o "BatteryPower.elf" @"objects.list"   -mcpu=cortex-m4 -T"C:\Users\gfran\Documents\GitHub\Electrical-Hardware-Design\Batt-Power_Frimware\BatteryPower\STM32L432KCUX_FLASH.ld" --specs=nosys.specs -Wl,-Map="BatteryPower.map" -Wl,--gc-sections -static --specs=nano.specs -mfpu=fpv4-sp-d16 -mfloat-abi=hard -mthumb -Wl,--start-group -lc -lm -Wl,--end-group
Finished building target: BatteryPower.elf
 
arm-none-eabi-size   BatteryPower.elf 
arm-none-eabi-objdump -h -S  BatteryPower.elf  > "BatteryPower.list"
   text	   data	    bss	    dec	    hex	filename
  30396	     24	   9656	  40076	   9c8c	BatteryPower.elf
Finished building: default.size.stdout
 
Finished building: BatteryPower.list
 
12:28:19 **** Incremental Build of configuration Debug for project BatteryPower ****
make -j20 all 
arm-none-eabi-size   BatteryPower.elf 
   text	   data	    bss	    dec	    hex	filename
  30396	     24	   9656	  40076	   9c8c	BatteryPower.elf
Finished building: default.size.stdout
 
